TN:
SF:src/app/app.ts
FN:39,(anonymous_0)
FN:45,(anonymous_1)
FN:46,(anonymous_2)
FN:55,(anonymous_3)
FN:64,(anonymous_4)
FNF:5
FNH:5
FNDA:9,(anonymous_0)
FNDA:4,(anonymous_1)
FNDA:3,(anonymous_2)
FNDA:1,(anonymous_3)
FNDA:2,(anonymous_4)
DA:28,1
DA:30,9
DA:33,9
DA:39,9
DA:44,9
DA:45,4
DA:47,3
DA:56,1
DA:65,2
LF:9
LH:9
BRF:0
BRH:0
end_of_record
TN:
SF:src/app/about-us/contact/contact.ts
FNF:0
FNH:0
DA:21,1
LF:1
LH:1
BRF:0
BRH:0
end_of_record
TN:
SF:src/app/about-us/mission/mission.ts
FNF:0
FNH:0
DA:38,1
LF:1
LH:1
BRF:0
BRH:0
end_of_record
TN:
SF:src/app/find-resources/community/community.ts
FNF:0
FNH:0
DA:39,1
LF:1
LH:1
BRF:0
BRH:0
end_of_record
TN:
SF:src/app/find-resources/restaurants/restaurants.ts
FNF:0
FNH:0
DA:39,1
LF:1
LH:1
BRF:0
BRH:0
end_of_record
TN:
SF:src/app/get-involved/donate/donate.ts
FNF:0
FNH:0
DA:38,1
LF:1
LH:1
BRF:0
BRH:0
end_of_record
TN:
SF:src/app/news-media/blog/blog.ts
FNF:0
FNH:0
DA:36,1
LF:1
LH:1
BRF:0
BRH:0
end_of_record
TN:
SF:src/app/news-media/events/events.ts
FNF:0
FNH:0
DA:31,1
LF:1
LH:1
BRF:0
BRH:0
end_of_record
TN:
SF:src/app/services/auth.service.ts
FN:20,(anonymous_0)
FN:29,(anonymous_1)
FN:42,(anonymous_2)
FNF:3
FNH:3
FNDA:7,(anonymous_0)
FNDA:9,(anonymous_1)
FNDA:16,(anonymous_2)
DA:12,1
DA:13,10
DA:14,10
DA:21,7
DA:22,7
DA:31,9
DA:34,6
DA:35,5
DA:36,5
DA:43,16
DA:44,16
LF:11
LH:11
BRDA:31,0,0,3
BRF:1
BRH:1
end_of_record
TN:
SF:src/driver-home/driver-home.ts
FN:31,(anonymous_0)
FN:36,(anonymous_1)
FN:41,(anonymous_2)
FN:46,(anonymous_3)
FN:51,(anonymous_4)
FN:55,(anonymous_5)
FN:59,(anonymous_6)
FN:65,(anonymous_7)
FN:70,(anonymous_8)
FN:74,(anonymous_9)
FN:82,(anonymous_10)
FN:86,(anonymous_11)
FN:92,(anonymous_12)
FN:96,(anonymous_13)
FNF:14
FNH:0
FNDA:0,(anonymous_0)
FNDA:0,(anonymous_1)
FNDA:0,(anonymous_2)
FNDA:0,(anonymous_3)
FNDA:0,(anonymous_4)
FNDA:0,(anonymous_5)
FNDA:0,(anonymous_6)
FNDA:0,(anonymous_7)
FNDA:0,(anonymous_8)
FNDA:0,(anonymous_9)
FNDA:0,(anonymous_10)
FNDA:0,(anonymous_11)
FNDA:0,(anonymous_12)
FNDA:0,(anonymous_13)
DA:23,1
DA:24,0
DA:25,0
DA:26,0
DA:27,0
DA:29,0
DA:32,0
DA:33,0
DA:37,0
DA:42,0
DA:43,0
DA:47,0
DA:48,0
DA:52,0
DA:56,0
DA:60,0
DA:61,0
DA:66,0
DA:67,0
DA:69,0
DA:71,0
DA:72,0
DA:75,0
DA:76,0
DA:77,0
DA:83,0
DA:87,0
DA:89,0
DA:93,0
DA:94,0
DA:97,0
DA:98,0
LF:32
LH:1
BRF:0
BRH:0
end_of_record
TN:
SF:src/driver-manage-account/driver-manage-account.ts
FN:31,(anonymous_0)
FN:33,(anonymous_1)
FN:37,(anonymous_2)
FN:40,(anonymous_3)
FN:41,(anonymous_4)
FN:45,(anonymous_5)
FN:48,(anonymous_6)
FN:53,(anonymous_7)
FN:61,(anonymous_8)
FN:66,(anonymous_9)
FN:71,(anonymous_10)
FN:76,(anonymous_11)
FN:81,(anonymous_12)
FN:85,(anonymous_13)
FNF:14
FNH:0
FNDA:0,(anonymous_0)
FNDA:0,(anonymous_1)
FNDA:0,(anonymous_2)
FNDA:0,(anonymous_3)
FNDA:0,(anonymous_4)
FNDA:0,(anonymous_5)
FNDA:0,(anonymous_6)
FNDA:0,(anonymous_7)
FNDA:0,(anonymous_8)
FNDA:0,(anonymous_9)
FNDA:0,(anonymous_10)
FNDA:0,(anonymous_11)
FNDA:0,(anonymous_12)
FNDA:0,(anonymous_13)
DA:19,1
DA:20,0
DA:25,0
DA:26,0
DA:27,0
DA:29,0
DA:31,0
DA:34,0
DA:39,0
DA:40,0
DA:41,0
DA:46,0
DA:47,0
DA:49,0
DA:50,0
DA:51,0
DA:54,0
DA:55,0
DA:56,0
DA:62,0
DA:68,0
DA:73,0
DA:78,0
DA:82,0
DA:88,0
LF:25
LH:1
BRF:0
BRH:0
end_of_record
TN:
SF:src/driver-order-history/driver-order-history.ts
FN:29,(anonymous_0)
FN:34,(anonymous_1)
FN:39,(anonymous_2)
FN:43,(anonymous_3)
FN:47,(anonymous_4)
FN:52,(anonymous_5)
FN:56,(anonymous_6)
FN:62,(anonymous_7)
FN:67,(anonymous_8)
FN:71,(anonymous_9)
FN:79,(anonymous_10)
FN:83,(anonymous_11)
FNF:12
FNH:0
FNDA:0,(anonymous_0)
FNDA:0,(anonymous_1)
FNDA:0,(anonymous_2)
FNDA:0,(anonymous_3)
FNDA:0,(anonymous_4)
FNDA:0,(anonymous_5)
FNDA:0,(anonymous_6)
FNDA:0,(anonymous_7)
FNDA:0,(anonymous_8)
FNDA:0,(anonymous_9)
FNDA:0,(anonymous_10)
FNDA:0,(anonymous_11)
DA:20,1
DA:21,0
DA:22,0
DA:23,0
DA:24,0
DA:25,0
DA:27,0
DA:30,0
DA:31,0
DA:35,0
DA:40,0
DA:44,0
DA:48,0
DA:49,0
DA:53,0
DA:57,0
DA:58,0
DA:63,0
DA:64,0
DA:66,0
DA:68,0
DA:69,0
DA:72,0
DA:73,0
DA:74,0
DA:80,0
DA:84,0
LF:27
LH:1
BRF:0
BRH:0
end_of_record
TN:
SF:src/history/history.ts
FN:34,(anonymous_0)
FN:40,(anonymous_1)
FN:44,(anonymous_2)
FN:57,(anonymous_3)
FN:59,(anonymous_4)
FN:75,(anonymous_5)
FNF:6
FNH:6
FNDA:7,(anonymous_0)
FNDA:1,(anonymous_1)
FNDA:6,(anonymous_2)
FNDA:5,(anonymous_3)
FNDA:4,(anonymous_4)
FNDA:1,(anonymous_5)
DA:27,1
DA:32,7
DA:35,7
DA:36,7
DA:37,7
DA:41,1
DA:45,6
DA:46,5
DA:48,1
DA:58,5
DA:60,4
DA:61,4
DA:63,1
DA:64,1
DA:66,1
DA:67,1
DA:69,1
DA:70,1
DA:72,1
DA:76,1
LF:20
LH:20
BRDA:45,0,0,5
BRDA:45,0,1,1
BRDA:61,1,0,1
BRDA:61,1,1,1
BRDA:61,1,2,1
BRDA:61,1,3,1
BRF:6
BRH:6
end_of_record
TN:
SF:src/home/home.ts
FN:34,(anonymous_0)
FN:40,(anonymous_1)
FN:44,(anonymous_2)
FN:57,(anonymous_3)
FN:59,(anonymous_4)
FN:75,(anonymous_5)
FNF:6
FNH:6
FNDA:7,(anonymous_0)
FNDA:1,(anonymous_1)
FNDA:6,(anonymous_2)
FNDA:5,(anonymous_3)
FNDA:4,(anonymous_4)
FNDA:1,(anonymous_5)
DA:27,1
DA:32,7
DA:35,7
DA:36,7
DA:37,7
DA:41,1
DA:45,6
DA:46,5
DA:48,1
DA:58,5
DA:60,4
DA:61,4
DA:63,1
DA:64,1
DA:66,1
DA:67,1
DA:69,1
DA:70,1
DA:72,1
DA:76,1
LF:20
LH:20
BRDA:45,0,0,5
BRDA:45,0,1,1
BRDA:61,1,0,1
BRDA:61,1,1,1
BRDA:61,1,2,1
BRDA:61,1,3,1
BRF:6
BRH:6
end_of_record
TN:
SF:src/login/login.ts
FN:45,(anonymous_0)
FN:58,(anonymous_1)
FN:63,(anonymous_2)
FN:68,(anonymous_3)
FN:72,(anonymous_4)
FN:76,(anonymous_5)
FN:100,(anonymous_6)
FN:132,(anonymous_7)
FN:141,(anonymous_8)
FN:142,(anonymous_9)
FN:148,(anonymous_10)
FN:149,(anonymous_11)
FNF:12
FNH:11
FNDA:15,(anonymous_0)
FNDA:1,(anonymous_1)
FNDA:1,(anonymous_2)
FNDA:7,(anonymous_3)
FNDA:7,(anonymous_4)
FNDA:8,(anonymous_5)
FNDA:5,(anonymous_6)
FNDA:2,(anonymous_7)
FNDA:1,(anonymous_8)
FNDA:2,(anonymous_9)
FNDA:1,(anonymous_10)
FNDA:0,(anonymous_11)
DA:26,1
DA:31,15
DA:34,15
DA:37,15
DA:40,15
DA:43,15
DA:46,15
DA:47,15
DA:48,15
DA:49,15
DA:51,15
DA:59,1
DA:64,1
DA:69,7
DA:72,7
DA:77,8
DA:78,1
DA:79,1
DA:82,7
DA:83,7
DA:84,7
DA:87,7
DA:89,7
DA:90,7
DA:96,7
DA:98,7
DA:101,5
DA:102,5
DA:103,5
DA:105,5
DA:108,5
DA:111,5
DA:112,5
DA:113,1
DA:114,1
DA:118,4
DA:120,1
DA:121,1
DA:123,1
DA:124,1
DA:126,1
DA:127,1
DA:129,1
DA:133,2
DA:134,2
DA:135,2
DA:142,1
DA:143,2
DA:148,1
DA:149,0
LF:50
LH:49
BRDA:77,0,0,1
BRDA:89,1,0,7
BRDA:89,1,1,7
BRDA:112,2,0,1
BRDA:112,3,0,5
BRDA:112,3,1,4
BRDA:118,4,0,1
BRDA:118,4,1,1
BRDA:118,4,2,1
BRDA:118,4,3,1
BRDA:135,5,0,2
BRDA:135,5,1,1
BRF:12
BRH:12
end_of_record
TN:
SF:src/manage-account/manage-account.ts
FN:30,(anonymous_0)
FN:36,(anonymous_1)
FN:40,(anonymous_2)
FN:52,(anonymous_3)
FN:54,(anonymous_4)
FN:76,(anonymous_5)
FNF:6
FNH:4
FNDA:10,(anonymous_0)
FNDA:3,(anonymous_1)
FNDA:2,(anonymous_2)
FNDA:1,(anonymous_3)
FNDA:0,(anonymous_4)
FNDA:0,(anonymous_5)
DA:23,1
DA:28,10
DA:31,10
DA:32,10
DA:33,10
DA:37,3
DA:41,2
DA:42,1
DA:44,1
DA:53,1
DA:55,0
DA:56,0
DA:58,0
DA:59,0
DA:60,0
DA:63,0
DA:64,0
DA:65,0
DA:68,0
DA:69,0
DA:70,0
DA:73,0
DA:77,0
LF:23
LH:10
BRDA:41,0,0,1
BRDA:41,0,1,1
BRDA:56,1,0,0
BRDA:56,1,1,0
BRDA:56,1,2,0
BRDA:56,1,3,0
BRF:6
BRH:2
end_of_record
TN:
SF:src/org-home/org-home.ts
FN:39,(anonymous_0)
FN:45,(anonymous_1)
FN:50,(anonymous_2)
FN:55,(anonymous_3)
FN:92,(anonymous_4)
FN:97,(anonymous_5)
FN:102,(anonymous_6)
FN:107,(anonymous_7)
FN:115,(anonymous_8)
FN:119,(anonymous_9)
FN:123,(anonymous_10)
FN:128,(anonymous_11)
FN:132,(anonymous_12)
FNF:13
FNH:0
FNDA:0,(anonymous_0)
FNDA:0,(anonymous_1)
FNDA:0,(anonymous_2)
FNDA:0,(anonymous_3)
FNDA:0,(anonymous_4)
FNDA:0,(anonymous_5)
FNDA:0,(anonymous_6)
FNDA:0,(anonymous_7)
FNDA:0,(anonymous_8)
FNDA:0,(anonymous_9)
FNDA:0,(anonymous_10)
FNDA:0,(anonymous_11)
FNDA:0,(anonymous_12)
DA:31,1
DA:32,0
DA:33,0
DA:34,0
DA:35,0
DA:37,0
DA:40,0
DA:41,0
DA:42,0
DA:46,0
DA:51,0
DA:52,0
DA:55,0
DA:56,0
DA:57,0
DA:77,0
DA:83,0
DA:84,0
DA:86,0
DA:93,0
DA:98,0
DA:99,0
DA:102,0
DA:103,0
DA:108,0
DA:116,0
DA:120,0
DA:124,0
DA:129,0
DA:133,0
DA:134,0
DA:135,0
LF:32
LH:1
BRDA:99,0,0,0
BRF:1
BRH:0
end_of_record
TN:
SF:src/org-manage-account/org-manage-account.ts
FN:33,(anonymous_0)
FN:35,(anonymous_1)
FN:39,(anonymous_2)
FN:42,(anonymous_3)
FN:43,(anonymous_4)
FN:47,(anonymous_5)
FN:50,(anonymous_6)
FN:55,(anonymous_7)
FN:63,(anonymous_8)
FN:68,(anonymous_9)
FN:73,(anonymous_10)
FN:78,(anonymous_11)
FN:83,(anonymous_12)
FN:87,(anonymous_13)
FNF:14
FNH:0
FNDA:0,(anonymous_0)
FNDA:0,(anonymous_1)
FNDA:0,(anonymous_2)
FNDA:0,(anonymous_3)
FNDA:0,(anonymous_4)
FNDA:0,(anonymous_5)
FNDA:0,(anonymous_6)
FNDA:0,(anonymous_7)
FNDA:0,(anonymous_8)
FNDA:0,(anonymous_9)
FNDA:0,(anonymous_10)
FNDA:0,(anonymous_11)
FNDA:0,(anonymous_12)
FNDA:0,(anonymous_13)
DA:20,1
DA:21,0
DA:27,0
DA:28,0
DA:29,0
DA:31,0
DA:33,0
DA:36,0
DA:41,0
DA:42,0
DA:43,0
DA:48,0
DA:49,0
DA:51,0
DA:52,0
DA:53,0
DA:56,0
DA:57,0
DA:58,0
DA:64,0
DA:70,0
DA:75,0
DA:80,0
DA:84,0
DA:90,0
LF:25
LH:1
BRF:0
BRH:0
end_of_record
TN:
SF:src/org-order-history/org-order-history.ts
FN:29,(anonymous_0)
FN:34,(anonymous_1)
FN:39,(anonymous_2)
FN:43,(anonymous_3)
FN:47,(anonymous_4)
FN:52,(anonymous_5)
FN:56,(anonymous_6)
FN:62,(anonymous_7)
FN:67,(anonymous_8)
FN:71,(anonymous_9)
FN:79,(anonymous_10)
FN:83,(anonymous_11)
FNF:12
FNH:0
FNDA:0,(anonymous_0)
FNDA:0,(anonymous_1)
FNDA:0,(anonymous_2)
FNDA:0,(anonymous_3)
FNDA:0,(anonymous_4)
FNDA:0,(anonymous_5)
FNDA:0,(anonymous_6)
FNDA:0,(anonymous_7)
FNDA:0,(anonymous_8)
FNDA:0,(anonymous_9)
FNDA:0,(anonymous_10)
FNDA:0,(anonymous_11)
DA:21,1
DA:22,0
DA:23,0
DA:24,0
DA:25,0
DA:27,0
DA:30,0
DA:31,0
DA:35,0
DA:40,0
DA:44,0
DA:48,0
DA:49,0
DA:53,0
DA:57,0
DA:58,0
DA:63,0
DA:64,0
DA:66,0
DA:68,0
DA:69,0
DA:72,0
DA:73,0
DA:74,0
DA:80,0
DA:84,0
LF:26
LH:1
BRF:0
BRH:0
end_of_record
TN:
SF:src/register/register.ts
FN:58,(anonymous_0)
FN:59,(anonymous_1)
FN:74,(anonymous_2)
FN:90,(anonymous_3)
FN:99,(anonymous_4)
FN:109,(anonymous_5)
FN:116,(anonymous_6)
FN:124,(anonymous_7)
FN:137,(anonymous_8)
FN:140,(anonymous_9)
FN:151,(anonymous_10)
FN:205,(anonymous_11)
FN:209,(anonymous_12)
FN:211,(anonymous_13)
FN:221,(anonymous_14)
FN:229,(anonymous_15)
FN:230,(anonymous_16)
FN:238,(anonymous_17)
FN:241,(anonymous_18)
FN:244,(anonymous_19)
FN:249,(anonymous_20)
FN:252,(anonymous_21)
FN:255,(anonymous_22)
FNF:23
FNH:23
FNDA:17,(anonymous_0)
FNDA:23,(anonymous_1)
FNDA:17,(anonymous_2)
FNDA:23,(anonymous_3)
FNDA:27,(anonymous_4)
FNDA:1,(anonymous_5)
FNDA:1,(anonymous_6)
FNDA:2,(anonymous_7)
FNDA:5,(anonymous_8)
FNDA:5,(anonymous_9)
FNDA:6,(anonymous_10)
FNDA:3,(anonymous_11)
FNDA:3,(anonymous_12)
FNDA:2,(anonymous_13)
FNDA:1,(anonymous_14)
FNDA:2,(anonymous_15)
FNDA:6,(anonymous_16)
FNDA:1,(anonymous_17)
FNDA:1,(anonymous_18)
FNDA:1,(anonymous_19)
FNDA:1,(anonymous_20)
FNDA:1,(anonymous_21)
FNDA:1,(anonymous_22)
DA:33,1
DA:35,17
DA:38,17
DA:47,17
DA:50,17
DA:53,17
DA:56,17
DA:59,17
DA:60,23
DA:61,23
DA:62,0
DA:64,23
DA:75,17
DA:76,17
DA:77,17
DA:80,17
DA:87,17
DA:90,23
DA:100,27
DA:101,27
DA:102,27
DA:110,1
DA:117,1
DA:125,2
DA:126,1
DA:127,1
DA:129,1
DA:138,5
DA:140,5
DA:153,6
DA:154,6
DA:155,1
DA:156,1
DA:158,5
DA:161,5
DA:162,5
DA:165,5
DA:167,5
DA:168,5
DA:171,5
DA:172,5
DA:174,3
DA:175,3
DA:177,1
DA:178,1
DA:180,1
DA:181,1
DA:183,0
DA:187,5
DA:195,5
DA:196,5
DA:203,5
DA:206,3
DA:207,3
DA:209,3
DA:212,2
DA:213,2
DA:222,1
DA:230,2
DA:231,6
DA:238,1
DA:241,1
DA:244,1
DA:249,1
DA:252,1
DA:255,1
LF:66
LH:64
BRDA:61,0,0,0
BRDA:61,1,0,23
BRDA:61,1,1,0
BRDA:102,2,0,27
BRDA:102,2,1,0
BRDA:125,3,0,1
BRDA:125,3,1,1
BRDA:154,4,0,1
BRDA:172,5,0,3
BRDA:172,5,1,1
BRDA:172,5,2,1
BRDA:172,5,3,0
BRDA:195,6,0,5
BRDA:195,6,1,5
BRDA:213,7,0,2
BRDA:213,7,1,1
BRF:16
BRH:12
end_of_record
TN:
SF:src/user-home/user-home.ts
FN:58,(anonymous_0)
FN:60,(anonymous_1)
FN:67,(anonymous_2)
FN:72,(anonymous_3)
FN:77,(anonymous_4)
FN:82,(anonymous_5)
FN:90,(anonymous_6)
FN:95,(anonymous_7)
FN:100,(anonymous_8)
FN:105,(anonymous_9)
FN:110,(anonymous_10)
FNF:11
FNH:0
FNDA:0,(anonymous_0)
FNDA:0,(anonymous_1)
FNDA:0,(anonymous_2)
FNDA:0,(anonymous_3)
FNDA:0,(anonymous_4)
FNDA:0,(anonymous_5)
FNDA:0,(anonymous_6)
FNDA:0,(anonymous_7)
FNDA:0,(anonymous_8)
FNDA:0,(anonymous_9)
FNDA:0,(anonymous_10)
DA:51,1
DA:52,0
DA:53,0
DA:54,0
DA:56,0
DA:58,0
DA:61,0
DA:68,0
DA:73,0
DA:78,0
DA:83,0
DA:84,0
LF:12
LH:1
BRF:0
BRH:0
end_of_record
TN:
SF:src/user-manage-account/user-manage-account.ts
FN:52,(anonymous_0)
FN:54,(anonymous_1)
FN:59,(anonymous_2)
FN:61,(anonymous_3)
FN:62,(anonymous_4)
FN:67,(anonymous_5)
FN:70,(anonymous_6)
FN:75,(anonymous_7)
FN:84,(anonymous_8)
FN:91,(anonymous_9)
FN:96,(anonymous_10)
FN:101,(anonymous_11)
FN:106,(anonymous_12)
FNF:13
FNH:0
FNDA:0,(anonymous_0)
FNDA:0,(anonymous_1)
FNDA:0,(anonymous_2)
FNDA:0,(anonymous_3)
FNDA:0,(anonymous_4)
FNDA:0,(anonymous_5)
FNDA:0,(anonymous_6)
FNDA:0,(anonymous_7)
FNDA:0,(anonymous_8)
FNDA:0,(anonymous_9)
FNDA:0,(anonymous_10)
FNDA:0,(anonymous_11)
FNDA:0,(anonymous_12)
DA:33,1
DA:35,0
DA:42,0
DA:45,0
DA:48,0
DA:50,0
DA:52,0
DA:55,0
DA:60,0
DA:61,0
DA:62,0
DA:68,0
DA:69,0
DA:71,0
DA:72,0
DA:73,0
DA:76,0
DA:77,0
DA:78,0
DA:85,0
DA:92,0
DA:97,0
DA:102,0
DA:107,0
LF:24
LH:1
BRF:0
BRH:0
end_of_record
TN:
SF:src/user-order-history/user-order-history.ts
FN:29,(anonymous_0)
FN:31,(anonymous_1)
FN:36,(anonymous_2)
FN:40,(anonymous_3)
FN:66,(anonymous_4)
FN:70,(anonymous_5)
FN:71,(anonymous_6)
FN:77,(anonymous_7)
FN:81,(anonymous_8)
FN:86,(anonymous_9)
FN:92,(anonymous_10)
FN:98,(anonymous_11)
FNF:12
FNH:0
FNDA:0,(anonymous_0)
FNDA:0,(anonymous_1)
FNDA:0,(anonymous_2)
FNDA:0,(anonymous_3)
FNDA:0,(anonymous_4)
FNDA:0,(anonymous_5)
FNDA:0,(anonymous_6)
FNDA:0,(anonymous_7)
FNDA:0,(anonymous_8)
FNDA:0,(anonymous_9)
FNDA:0,(anonymous_10)
FNDA:0,(anonymous_11)
DA:21,1
DA:22,0
DA:23,0
DA:24,0
DA:27,0
DA:29,0
DA:32,0
DA:37,0
DA:38,0
DA:40,0
DA:41,0
DA:42,0
DA:59,0
DA:61,0
DA:67,0
DA:71,0
DA:72,0
DA:73,0
DA:78,0
DA:82,0
DA:83,0
DA:87,0
DA:88,0
DA:93,0
DA:94,0
DA:99,0
DA:100,0
LF:27
LH:1
BRDA:72,0,0,0
BRF:1
BRH:0
end_of_record
