{"/app/src/app/app.ts": {"path":"/app/src/app/app.ts","statementMap":{"0":{"start":{"line":30,"column":17},"end":{"line":30,"column":19}},"1":{"start":{"line":33,"column":29},"end":{"line":33,"column":42}},"2":{"start":{"line":39,"column":22},"end":{"line":39,"column":36}},"3":{"start":{"line":44,"column":4},"end":{"line":48,"column":7}},"4":{"start":{"line":45,"column":22},"end":{"line":45,"column":52}},"5":{"start":{"line":47,"column":6},"end":{"line":47,"column":36}},"6":{"start":{"line":56,"column":4},"end":{"line":56,"column":37}},"7":{"start":{"line":65,"column":4},"end":{"line":65,"column":42}},"8":{"start":{"line":28,"column":13},"end":{"line":67,"column":null}}},"fnMap":{"0":{"name":"(anonymous_0)","decl":{"start":{"line":39,"column":2},"end":{"line":39,"column":22}},"loc":{"start":{"line":39,"column":36},"end":{"line":49,"column":3}}},"1":{"name":"(anonymous_1)","decl":{"start":{"line":45,"column":13},"end":{"line":45,"column":18}},"loc":{"start":{"line":45,"column":22},"end":{"line":45,"column":52}}},"2":{"name":"(anonymous_2)","decl":{"start":{"line":46,"column":16},"end":{"line":46,"column":17}},"loc":{"start":{"line":46,"column":31},"end":{"line":48,"column":5}}},"3":{"name":"(anonymous_3)","decl":{"start":{"line":55,"column":2},"end":{"line":55,"column":9}},"loc":{"start":{"line":55,"column":9},"end":{"line":57,"column":3}}},"4":{"name":"(anonymous_4)","decl":{"start":{"line":64,"column":2},"end":{"line":64,"column":12}},"loc":{"start":{"line":64,"column":12},"end":{"line":66,"column":3}}}},"branchMap":{},"s":{"0":9,"1":9,"2":9,"3":9,"4":4,"5":3,"6":1,"7":2,"8":1},"f":{"0":9,"1":4,"2":3,"3":1,"4":2},"b":{}}
,"/app/src/app/about-us/contact/contact.ts": {"path":"/app/src/app/about-us/contact/contact.ts","statementMap":{"0":{"start":{"line":21,"column":7},"end":{"line":32,"column":null}},"1":{"start":{"line":21,"column":13},"end":{"line":32,"column":null}}},"fnMap":{},"branchMap":{},"s":{"0":1,"1":1},"f":{},"b":{}}
,"/app/src/app/about-us/mission/mission.ts": {"path":"/app/src/app/about-us/mission/mission.ts","statementMap":{"0":{"start":{"line":38,"column":7},"end":{"line":65,"column":null}},"1":{"start":{"line":38,"column":13},"end":{"line":65,"column":null}}},"fnMap":{},"branchMap":{},"s":{"0":1,"1":1},"f":{},"b":{}}
,"/app/src/app/find-resources/community/community.ts": {"path":"/app/src/app/find-resources/community/community.ts","statementMap":{"0":{"start":{"line":39,"column":7},"end":{"line":66,"column":null}},"1":{"start":{"line":39,"column":13},"end":{"line":66,"column":null}}},"fnMap":{},"branchMap":{},"s":{"0":1,"1":1},"f":{},"b":{}}
,"/app/src/app/find-resources/restaurants/restaurants.ts": {"path":"/app/src/app/find-resources/restaurants/restaurants.ts","statementMap":{"0":{"start":{"line":39,"column":7},"end":{"line":63,"column":null}},"1":{"start":{"line":39,"column":13},"end":{"line":63,"column":null}}},"fnMap":{},"branchMap":{},"s":{"0":1,"1":1},"f":{},"b":{}}
,"/app/src/app/get-involved/donate/donate.ts": {"path":"/app/src/app/get-involved/donate/donate.ts","statementMap":{"0":{"start":{"line":38,"column":7},"end":{"line":59,"column":null}},"1":{"start":{"line":38,"column":13},"end":{"line":59,"column":null}}},"fnMap":{},"branchMap":{},"s":{"0":1,"1":1},"f":{},"b":{}}
,"/app/src/app/news-media/blog/blog.ts": {"path":"/app/src/app/news-media/blog/blog.ts","statementMap":{"0":{"start":{"line":36,"column":7},"end":{"line":56,"column":null}},"1":{"start":{"line":36,"column":13},"end":{"line":56,"column":null}}},"fnMap":{},"branchMap":{},"s":{"0":1,"1":1},"f":{},"b":{}}
,"/app/src/app/news-media/events/events.ts": {"path":"/app/src/app/news-media/events/events.ts","statementMap":{"0":{"start":{"line":31,"column":7},"end":{"line":46,"column":null}},"1":{"start":{"line":31,"column":13},"end":{"line":46,"column":null}}},"fnMap":{},"branchMap":{},"s":{"0":1,"1":1},"f":{},"b":{}}
,"/app/src/app/services/auth.service.ts": {"path":"/app/src/app/services/auth.service.ts","statementMap":{"0":{"start":{"line":12,"column":7},"end":{"line":46,"column":null}},"1":{"start":{"line":13,"column":20},"end":{"line":13,"column":30}},"2":{"start":{"line":14,"column":32},"end":{"line":14,"column":36}},"3":{"start":{"line":21,"column":4},"end":{"line":21,"column":21}},"4":{"start":{"line":22,"column":4},"end":{"line":22,"column":47}},"5":{"start":{"line":31,"column":4},"end":{"line":31,"column":36}},"6":{"start":{"line":31,"column":19},"end":{"line":31,"column":36}},"7":{"start":{"line":34,"column":19},"end":{"line":34,"column":55}},"8":{"start":{"line":35,"column":4},"end":{"line":35,"column":23}},"9":{"start":{"line":36,"column":4},"end":{"line":36,"column":18}},"10":{"start":{"line":43,"column":4},"end":{"line":43,"column":21}},"11":{"start":{"line":44,"column":4},"end":{"line":44,"column":44}},"12":{"start":{"line":12,"column":13},"end":{"line":46,"column":null}}},"fnMap":{"0":{"name":"(anonymous_0)","decl":{"start":{"line":20,"column":2},"end":{"line":20,"column":9}},"loc":{"start":{"line":20,"column":22},"end":{"line":23,"column":3}}},"1":{"name":"(anonymous_1)","decl":{"start":{"line":29,"column":2},"end":{"line":29,"column":9}},"loc":{"start":{"line":29,"column":9},"end":{"line":37,"column":3}}},"2":{"name":"(anonymous_2)","decl":{"start":{"line":42,"column":2},"end":{"line":42,"column":11}},"loc":{"start":{"line":42,"column":11},"end":{"line":45,"column":3}}}},"branchMap":{"0":{"loc":{"start":{"line":31,"column":4},"end":{"line":31,"column":36}},"type":"if","locations":[{"start":{"line":31,"column":4},"end":{"line":31,"column":36}}]}},"s":{"0":1,"1":10,"2":10,"3":7,"4":7,"5":9,"6":3,"7":6,"8":5,"9":5,"10":16,"11":16,"12":1},"f":{"0":7,"1":9,"2":16},"b":{"0":[3]}}
,"/app/src/driver-home/driver-home.ts": {"path":"/app/src/driver-home/driver-home.ts","statementMap":{"0":{"start":{"line":24,"column":64},"end":{"line":24,"column":76}},"1":{"start":{"line":25,"column":27},"end":{"line":25,"column":29}},"2":{"start":{"line":26,"column":12},"end":{"line":26,"column":17}},"3":{"start":{"line":27,"column":25},"end":{"line":27,"column":29}},"4":{"start":{"line":29,"column":19},"end":{"line":29,"column":46}},"5":{"start":{"line":32,"column":12},"end":{"line":32,"column":28}},"6":{"start":{"line":33,"column":12},"end":{"line":33,"column":26}},"7":{"start":{"line":37,"column":4},"end":{"line":37,"column":26}},"8":{"start":{"line":42,"column":4},"end":{"line":42,"column":32}},"9":{"start":{"line":43,"column":4},"end":{"line":43,"column":39}},"10":{"start":{"line":47,"column":4},"end":{"line":47,"column":31}},"11":{"start":{"line":48,"column":4},"end":{"line":48,"column":39}},"12":{"start":{"line":52,"column":4},"end":{"line":52,"column":35}},"13":{"start":{"line":56,"column":4},"end":{"line":56,"column":41}},"14":{"start":{"line":60,"column":4},"end":{"line":60,"column":41}},"15":{"start":{"line":61,"column":4},"end":{"line":61,"column":37}},"16":{"start":{"line":66,"column":4},"end":{"line":66,"column":24}},"17":{"start":{"line":67,"column":4},"end":{"line":67,"column":22}},"18":{"start":{"line":69,"column":4},"end":{"line":79,"column":7}},"19":{"start":{"line":71,"column":8},"end":{"line":71,"column":31}},"20":{"start":{"line":72,"column":8},"end":{"line":72,"column":29}},"21":{"start":{"line":75,"column":8},"end":{"line":75,"column":50}},"22":{"start":{"line":76,"column":8},"end":{"line":76,"column":29}},"23":{"start":{"line":77,"column":8},"end":{"line":77,"column":56}},"24":{"start":{"line":83,"column":4},"end":{"line":83,"column":26}},"25":{"start":{"line":87,"column":20},"end":{"line":87,"column":75}},"26":{"start":{"line":89,"column":4},"end":{"line":100,"column":9}},"27":{"start":{"line":93,"column":10},"end":{"line":93,"column":53}},"28":{"start":{"line":94,"column":10},"end":{"line":94,"column":32}},"29":{"start":{"line":97,"column":10},"end":{"line":97,"column":52}},"30":{"start":{"line":98,"column":10},"end":{"line":98,"column":29}},"31":{"start":{"line":23,"column":13},"end":{"line":102,"column":null}}},"fnMap":{"0":{"name":"(anonymous_0)","decl":{"start":{"line":31,"column":2},"end":{"line":31,"column":null}},"loc":{"start":{"line":33,"column":26},"end":{"line":34,"column":7}}},"1":{"name":"(anonymous_1)","decl":{"start":{"line":36,"column":2},"end":{"line":36,"column":10}},"loc":{"start":{"line":36,"column":10},"end":{"line":38,"column":3}}},"2":{"name":"(anonymous_2)","decl":{"start":{"line":41,"column":2},"end":{"line":41,"column":13}},"loc":{"start":{"line":41,"column":13},"end":{"line":44,"column":3}}},"3":{"name":"(anonymous_3)","decl":{"start":{"line":46,"column":2},"end":{"line":46,"column":12}},"loc":{"start":{"line":46,"column":12},"end":{"line":49,"column":3}}},"4":{"name":"(anonymous_4)","decl":{"start":{"line":51,"column":2},"end":{"line":51,"column":10}},"loc":{"start":{"line":51,"column":10},"end":{"line":53,"column":3}}},"5":{"name":"(anonymous_5)","decl":{"start":{"line":55,"column":2},"end":{"line":55,"column":16}},"loc":{"start":{"line":55,"column":16},"end":{"line":57,"column":3}}},"6":{"name":"(anonymous_6)","decl":{"start":{"line":59,"column":2},"end":{"line":59,"column":8}},"loc":{"start":{"line":59,"column":8},"end":{"line":62,"column":3}}},"7":{"name":"(anonymous_7)","decl":{"start":{"line":65,"column":2},"end":{"line":65,"column":16}},"loc":{"start":{"line":65,"column":16},"end":{"line":80,"column":3}}},"8":{"name":"(anonymous_8)","decl":{"start":{"line":70,"column":12},"end":{"line":70,"column":13}},"loc":{"start":{"line":70,"column":21},"end":{"line":73,"column":7}}},"9":{"name":"(anonymous_9)","decl":{"start":{"line":74,"column":13},"end":{"line":74,"column":14}},"loc":{"start":{"line":74,"column":21},"end":{"line":78,"column":7}}},"10":{"name":"(anonymous_10)","decl":{"start":{"line":82,"column":2},"end":{"line":82,"column":19}},"loc":{"start":{"line":82,"column":19},"end":{"line":84,"column":3}}},"11":{"name":"(anonymous_11)","decl":{"start":{"line":86,"column":2},"end":{"line":86,"column":16}},"loc":{"start":{"line":86,"column":35},"end":{"line":101,"column":3}}},"12":{"name":"(anonymous_12)","decl":{"start":{"line":92,"column":14},"end":{"line":92,"column":17}},"loc":{"start":{"line":92,"column":19},"end":{"line":95,"column":9}}},"13":{"name":"(anonymous_13)","decl":{"start":{"line":96,"column":15},"end":{"line":96,"column":16}},"loc":{"start":{"line":96,"column":23},"end":{"line":99,"column":9}}}},"branchMap":{},"s":{"0":0,"1":0,"2":0,"3":0,"4":0,"5":0,"6":0,"7":0,"8":0,"9":0,"10":0,"11":0,"12":0,"13":0,"14":0,"15":0,"16":0,"17":0,"18":0,"19":0,"20":0,"21":0,"22":0,"23":0,"24":0,"25":0,"26":0,"27":0,"28":0,"29":0,"30":0,"31":1},"f":{"0":0,"1":0,"2":0,"3":0,"4":0,"5":0,"6":0,"7":0,"8":0,"9":0,"10":0,"11":0,"12":0,"13":0},"b":{}}
,"/app/src/driver-manage-account/driver-manage-account.ts": {"path":"/app/src/driver-manage-account/driver-manage-account.ts","statementMap":{"0":{"start":{"line":20,"column":15},"end":{"line":23,"column":4}},"1":{"start":{"line":25,"column":17},"end":{"line":25,"column":22}},"2":{"start":{"line":26,"column":34},"end":{"line":26,"column":38}},"3":{"start":{"line":27,"column":32},"end":{"line":27,"column":36}},"4":{"start":{"line":29,"column":19},"end":{"line":29,"column":52}},"5":{"start":{"line":31,"column":22},"end":{"line":31,"column":38}},"6":{"start":{"line":34,"column":4},"end":{"line":34,"column":20}},"7":{"start":{"line":39,"column":4},"end":{"line":42,"column":7}},"8":{"start":{"line":40,"column":23},"end":{"line":40,"column":39}},"9":{"start":{"line":41,"column":22},"end":{"line":41,"column":63}},"10":{"start":{"line":46,"column":20},"end":{"line":46,"column":75}},"11":{"start":{"line":47,"column":4},"end":{"line":58,"column":7}},"12":{"start":{"line":49,"column":8},"end":{"line":49,"column":62}},"13":{"start":{"line":50,"column":8},"end":{"line":50,"column":33}},"14":{"start":{"line":51,"column":8},"end":{"line":51,"column":32}},"15":{"start":{"line":54,"column":8},"end":{"line":54,"column":56}},"16":{"start":{"line":55,"column":8},"end":{"line":55,"column":35}},"17":{"start":{"line":56,"column":8},"end":{"line":56,"column":27}},"18":{"start":{"line":62,"column":4},"end":{"line":62,"column":43}},"19":{"start":{"line":68,"column":4},"end":{"line":68,"column":20}},"20":{"start":{"line":73,"column":4},"end":{"line":73,"column":42}},"21":{"start":{"line":78,"column":4},"end":{"line":78,"column":45}},"22":{"start":{"line":82,"column":4},"end":{"line":82,"column":41}},"23":{"start":{"line":88,"column":4},"end":{"line":88,"column":36}},"24":{"start":{"line":19,"column":13},"end":{"line":90,"column":null}}},"fnMap":{"0":{"name":"(anonymous_0)","decl":{"start":{"line":31,"column":2},"end":{"line":31,"column":22}},"loc":{"start":{"line":31,"column":38},"end":{"line":31,"column":42}}},"1":{"name":"(anonymous_1)","decl":{"start":{"line":33,"column":2},"end":{"line":33,"column":10}},"loc":{"start":{"line":33,"column":10},"end":{"line":35,"column":3}}},"2":{"name":"(anonymous_2)","decl":{"start":{"line":37,"column":2},"end":{"line":37,"column":10}},"loc":{"start":{"line":37,"column":10},"end":{"line":43,"column":3}}},"3":{"name":"(anonymous_3)","decl":{"start":{"line":40,"column":12},"end":{"line":40,"column":13}},"loc":{"start":{"line":40,"column":23},"end":{"line":40,"column":39}}},"4":{"name":"(anonymous_4)","decl":{"start":{"line":41,"column":13},"end":{"line":41,"column":14}},"loc":{"start":{"line":41,"column":22},"end":{"line":41,"column":63}}},"5":{"name":"(anonymous_5)","decl":{"start":{"line":45,"column":2},"end":{"line":45,"column":15}},"loc":{"start":{"line":45,"column":15},"end":{"line":59,"column":3}}},"6":{"name":"(anonymous_6)","decl":{"start":{"line":48,"column":12},"end":{"line":48,"column":15}},"loc":{"start":{"line":48,"column":17},"end":{"line":52,"column":7}}},"7":{"name":"(anonymous_7)","decl":{"start":{"line":53,"column":13},"end":{"line":53,"column":14}},"loc":{"start":{"line":53,"column":21},"end":{"line":57,"column":7}}},"8":{"name":"(anonymous_8)","decl":{"start":{"line":61,"column":2},"end":{"line":61,"column":16}},"loc":{"start":{"line":61,"column":16},"end":{"line":63,"column":3}}},"9":{"name":"(anonymous_9)","decl":{"start":{"line":66,"column":2},"end":{"line":66,"column":13}},"loc":{"start":{"line":66,"column":13},"end":{"line":69,"column":3}}},"10":{"name":"(anonymous_10)","decl":{"start":{"line":71,"column":2},"end":{"line":71,"column":10}},"loc":{"start":{"line":71,"column":10},"end":{"line":74,"column":3}}},"11":{"name":"(anonymous_11)","decl":{"start":{"line":76,"column":2},"end":{"line":76,"column":12}},"loc":{"start":{"line":76,"column":12},"end":{"line":79,"column":3}}},"12":{"name":"(anonymous_12)","decl":{"start":{"line":81,"column":2},"end":{"line":81,"column":16}},"loc":{"start":{"line":81,"column":16},"end":{"line":83,"column":3}}},"13":{"name":"(anonymous_13)","decl":{"start":{"line":85,"column":2},"end":{"line":85,"column":8}},"loc":{"start":{"line":85,"column":8},"end":{"line":89,"column":3}}}},"branchMap":{},"s":{"0":0,"1":0,"2":0,"3":0,"4":0,"5":0,"6":0,"7":0,"8":0,"9":0,"10":0,"11":0,"12":0,"13":0,"14":0,"15":0,"16":0,"17":0,"18":0,"19":0,"20":0,"21":0,"22":0,"23":0,"24":1},"f":{"0":0,"1":0,"2":0,"3":0,"4":0,"5":0,"6":0,"7":0,"8":0,"9":0,"10":0,"11":0,"12":0,"13":0},"b":{}}
,"/app/src/driver-order-history/driver-order-history.ts": {"path":"/app/src/driver-order-history/driver-order-history.ts","statementMap":{"0":{"start":{"line":21,"column":53},"end":{"line":21,"column":65}},"1":{"start":{"line":22,"column":21},"end":{"line":22,"column":23}},"2":{"start":{"line":23,"column":12},"end":{"line":23,"column":17}},"3":{"start":{"line":24,"column":25},"end":{"line":24,"column":29}},"4":{"start":{"line":25,"column":14},"end":{"line":25,"column":23}},"5":{"start":{"line":27,"column":19},"end":{"line":27,"column":46}},"6":{"start":{"line":30,"column":12},"end":{"line":30,"column":28}},"7":{"start":{"line":31,"column":12},"end":{"line":31,"column":26}},"8":{"start":{"line":35,"column":4},"end":{"line":35,"column":22}},"9":{"start":{"line":40,"column":4},"end":{"line":40,"column":36}},"10":{"start":{"line":44,"column":4},"end":{"line":44,"column":39}},"11":{"start":{"line":48,"column":4},"end":{"line":48,"column":30}},"12":{"start":{"line":49,"column":4},"end":{"line":49,"column":22}},"13":{"start":{"line":53,"column":4},"end":{"line":53,"column":41}},"14":{"start":{"line":57,"column":4},"end":{"line":57,"column":41}},"15":{"start":{"line":58,"column":4},"end":{"line":58,"column":37}},"16":{"start":{"line":63,"column":4},"end":{"line":63,"column":24}},"17":{"start":{"line":64,"column":4},"end":{"line":64,"column":22}},"18":{"start":{"line":66,"column":4},"end":{"line":76,"column":7}},"19":{"start":{"line":68,"column":8},"end":{"line":68,"column":28}},"20":{"start":{"line":69,"column":8},"end":{"line":69,"column":29}},"21":{"start":{"line":72,"column":8},"end":{"line":72,"column":27}},"22":{"start":{"line":73,"column":8},"end":{"line":73,"column":46}},"23":{"start":{"line":74,"column":8},"end":{"line":74,"column":29}},"24":{"start":{"line":80,"column":4},"end":{"line":80,"column":22}},"25":{"start":{"line":84,"column":4},"end":{"line":84,"column":55}},"26":{"start":{"line":20,"column":13},"end":{"line":86,"column":null}}},"fnMap":{"0":{"name":"(anonymous_0)","decl":{"start":{"line":29,"column":2},"end":{"line":29,"column":null}},"loc":{"start":{"line":31,"column":26},"end":{"line":32,"column":7}}},"1":{"name":"(anonymous_1)","decl":{"start":{"line":34,"column":2},"end":{"line":34,"column":10}},"loc":{"start":{"line":34,"column":10},"end":{"line":36,"column":3}}},"2":{"name":"(anonymous_2)","decl":{"start":{"line":39,"column":2},"end":{"line":39,"column":10}},"loc":{"start":{"line":39,"column":10},"end":{"line":41,"column":3}}},"3":{"name":"(anonymous_3)","decl":{"start":{"line":43,"column":2},"end":{"line":43,"column":13}},"loc":{"start":{"line":43,"column":13},"end":{"line":45,"column":3}}},"4":{"name":"(anonymous_4)","decl":{"start":{"line":47,"column":2},"end":{"line":47,"column":13}},"loc":{"start":{"line":47,"column":13},"end":{"line":50,"column":3}}},"5":{"name":"(anonymous_5)","decl":{"start":{"line":52,"column":2},"end":{"line":52,"column":16}},"loc":{"start":{"line":52,"column":16},"end":{"line":54,"column":3}}},"6":{"name":"(anonymous_6)","decl":{"start":{"line":56,"column":2},"end":{"line":56,"column":8}},"loc":{"start":{"line":56,"column":8},"end":{"line":59,"column":3}}},"7":{"name":"(anonymous_7)","decl":{"start":{"line":62,"column":2},"end":{"line":62,"column":12}},"loc":{"start":{"line":62,"column":12},"end":{"line":77,"column":3}}},"8":{"name":"(anonymous_8)","decl":{"start":{"line":67,"column":12},"end":{"line":67,"column":13}},"loc":{"start":{"line":67,"column":21},"end":{"line":70,"column":7}}},"9":{"name":"(anonymous_9)","decl":{"start":{"line":71,"column":13},"end":{"line":71,"column":14}},"loc":{"start":{"line":71,"column":21},"end":{"line":75,"column":7}}},"10":{"name":"(anonymous_10)","decl":{"start":{"line":79,"column":2},"end":{"line":79,"column":15}},"loc":{"start":{"line":79,"column":15},"end":{"line":81,"column":3}}},"11":{"name":"(anonymous_11)","decl":{"start":{"line":83,"column":2},"end":{"line":83,"column":11}},"loc":{"start":{"line":83,"column":27},"end":{"line":85,"column":3}}}},"branchMap":{},"s":{"0":0,"1":0,"2":0,"3":0,"4":0,"5":0,"6":0,"7":0,"8":0,"9":0,"10":0,"11":0,"12":0,"13":0,"14":0,"15":0,"16":0,"17":0,"18":0,"19":0,"20":0,"21":0,"22":0,"23":0,"24":0,"25":0,"26":1},"f":{"0":0,"1":0,"2":0,"3":0,"4":0,"5":0,"6":0,"7":0,"8":0,"9":0,"10":0,"11":0},"b":{}}
,"/app/src/history/history.ts": {"path":"/app/src/history/history.ts","statementMap":{"0":{"start":{"line":32,"column":32},"end":{"line":32,"column":36}},"1":{"start":{"line":35,"column":12},"end":{"line":35,"column":36}},"2":{"start":{"line":36,"column":12},"end":{"line":36,"column":26}},"3":{"start":{"line":37,"column":12},"end":{"line":37,"column":28}},"4":{"start":{"line":41,"column":4},"end":{"line":41,"column":43}},"5":{"start":{"line":45,"column":4},"end":{"line":49,"column":5}},"6":{"start":{"line":46,"column":6},"end":{"line":46,"column":38}},"7":{"start":{"line":48,"column":6},"end":{"line":48,"column":34}},"8":{"start":{"line":58,"column":4},"end":{"line":78,"column":7}},"9":{"start":{"line":60,"column":8},"end":{"line":60,"column":51}},"10":{"start":{"line":61,"column":8},"end":{"line":73,"column":9}},"11":{"start":{"line":63,"column":12},"end":{"line":63,"column":66}},"12":{"start":{"line":64,"column":12},"end":{"line":64,"column":18}},"13":{"start":{"line":66,"column":12},"end":{"line":66,"column":65}},"14":{"start":{"line":67,"column":12},"end":{"line":67,"column":18}},"15":{"start":{"line":69,"column":12},"end":{"line":69,"column":68}},"16":{"start":{"line":70,"column":12},"end":{"line":70,"column":18}},"17":{"start":{"line":72,"column":12},"end":{"line":72,"column":40}},"18":{"start":{"line":76,"column":8},"end":{"line":76,"column":36}},"19":{"start":{"line":27,"column":13},"end":{"line":80,"column":null}}},"fnMap":{"0":{"name":"(anonymous_0)","decl":{"start":{"line":34,"column":2},"end":{"line":34,"column":null}},"loc":{"start":{"line":37,"column":28},"end":{"line":38,"column":7}}},"1":{"name":"(anonymous_1)","decl":{"start":{"line":40,"column":2},"end":{"line":40,"column":10}},"loc":{"start":{"line":40,"column":10},"end":{"line":42,"column":3}}},"2":{"name":"(anonymous_2)","decl":{"start":{"line":44,"column":2},"end":{"line":44,"column":17}},"loc":{"start":{"line":44,"column":17},"end":{"line":50,"column":3}}},"3":{"name":"(anonymous_3)","decl":{"start":{"line":57,"column":10},"end":{"line":57,"column":25}},"loc":{"start":{"line":57,"column":38},"end":{"line":79,"column":3}}},"4":{"name":"(anonymous_4)","decl":{"start":{"line":59,"column":12},"end":{"line":59,"column":15}},"loc":{"start":{"line":59,"column":17},"end":{"line":74,"column":7}}},"5":{"name":"(anonymous_5)","decl":{"start":{"line":75,"column":13},"end":{"line":75,"column":16}},"loc":{"start":{"line":75,"column":18},"end":{"line":77,"column":7}}}},"branchMap":{"0":{"loc":{"start":{"line":45,"column":4},"end":{"line":49,"column":5}},"type":"if","locations":[{"start":{"line":45,"column":4},"end":{"line":49,"column":5}},{"start":{"line":47,"column":11},"end":{"line":49,"column":5}}]},"1":{"loc":{"start":{"line":61,"column":8},"end":{"line":73,"column":9}},"type":"switch","locations":[{"start":{"line":62,"column":10},"end":{"line":64,"column":18}},{"start":{"line":65,"column":10},"end":{"line":67,"column":18}},{"start":{"line":68,"column":10},"end":{"line":70,"column":18}},{"start":{"line":71,"column":10},"end":{"line":72,"column":40}}]}},"s":{"0":7,"1":7,"2":7,"3":7,"4":1,"5":6,"6":5,"7":1,"8":5,"9":4,"10":4,"11":1,"12":1,"13":1,"14":1,"15":1,"16":1,"17":1,"18":1,"19":1},"f":{"0":7,"1":1,"2":6,"3":5,"4":4,"5":1},"b":{"0":[5,1],"1":[1,1,1,1]}}
,"/app/src/home/home.ts": {"path":"/app/src/home/home.ts","statementMap":{"0":{"start":{"line":32,"column":32},"end":{"line":32,"column":36}},"1":{"start":{"line":35,"column":12},"end":{"line":35,"column":36}},"2":{"start":{"line":36,"column":12},"end":{"line":36,"column":26}},"3":{"start":{"line":37,"column":12},"end":{"line":37,"column":28}},"4":{"start":{"line":41,"column":4},"end":{"line":41,"column":43}},"5":{"start":{"line":45,"column":4},"end":{"line":49,"column":5}},"6":{"start":{"line":46,"column":6},"end":{"line":46,"column":38}},"7":{"start":{"line":48,"column":6},"end":{"line":48,"column":34}},"8":{"start":{"line":58,"column":4},"end":{"line":78,"column":7}},"9":{"start":{"line":60,"column":8},"end":{"line":60,"column":51}},"10":{"start":{"line":61,"column":8},"end":{"line":73,"column":9}},"11":{"start":{"line":63,"column":12},"end":{"line":63,"column":58}},"12":{"start":{"line":64,"column":12},"end":{"line":64,"column":18}},"13":{"start":{"line":66,"column":12},"end":{"line":66,"column":57}},"14":{"start":{"line":67,"column":12},"end":{"line":67,"column":18}},"15":{"start":{"line":69,"column":12},"end":{"line":69,"column":60}},"16":{"start":{"line":70,"column":12},"end":{"line":70,"column":18}},"17":{"start":{"line":72,"column":12},"end":{"line":72,"column":40}},"18":{"start":{"line":76,"column":8},"end":{"line":76,"column":36}},"19":{"start":{"line":27,"column":13},"end":{"line":80,"column":null}}},"fnMap":{"0":{"name":"(anonymous_0)","decl":{"start":{"line":34,"column":2},"end":{"line":34,"column":null}},"loc":{"start":{"line":37,"column":28},"end":{"line":38,"column":7}}},"1":{"name":"(anonymous_1)","decl":{"start":{"line":40,"column":2},"end":{"line":40,"column":10}},"loc":{"start":{"line":40,"column":10},"end":{"line":42,"column":3}}},"2":{"name":"(anonymous_2)","decl":{"start":{"line":44,"column":2},"end":{"line":44,"column":17}},"loc":{"start":{"line":44,"column":17},"end":{"line":50,"column":3}}},"3":{"name":"(anonymous_3)","decl":{"start":{"line":57,"column":10},"end":{"line":57,"column":25}},"loc":{"start":{"line":57,"column":38},"end":{"line":79,"column":3}}},"4":{"name":"(anonymous_4)","decl":{"start":{"line":59,"column":12},"end":{"line":59,"column":15}},"loc":{"start":{"line":59,"column":17},"end":{"line":74,"column":7}}},"5":{"name":"(anonymous_5)","decl":{"start":{"line":75,"column":13},"end":{"line":75,"column":16}},"loc":{"start":{"line":75,"column":18},"end":{"line":77,"column":7}}}},"branchMap":{"0":{"loc":{"start":{"line":45,"column":4},"end":{"line":49,"column":5}},"type":"if","locations":[{"start":{"line":45,"column":4},"end":{"line":49,"column":5}},{"start":{"line":47,"column":11},"end":{"line":49,"column":5}}]},"1":{"loc":{"start":{"line":61,"column":8},"end":{"line":73,"column":9}},"type":"switch","locations":[{"start":{"line":62,"column":10},"end":{"line":64,"column":18}},{"start":{"line":65,"column":10},"end":{"line":67,"column":18}},{"start":{"line":68,"column":10},"end":{"line":70,"column":18}},{"start":{"line":71,"column":10},"end":{"line":72,"column":40}}]}},"s":{"0":7,"1":7,"2":7,"3":7,"4":1,"5":6,"6":5,"7":1,"8":5,"9":4,"10":4,"11":1,"12":1,"13":1,"14":1,"15":1,"16":1,"17":1,"18":1,"19":1},"f":{"0":7,"1":1,"2":6,"3":5,"4":4,"5":1},"b":{"0":[5,1],"1":[1,1,1,1]}}
,"/app/src/login/login.ts": {"path":"/app/src/login/login.ts","statementMap":{"0":{"start":{"line":31,"column":17},"end":{"line":31,"column":22}},"1":{"start":{"line":34,"column":14},"end":{"line":34,"column":19}},"2":{"start":{"line":37,"column":17},"end":{"line":37,"column":19}},"3":{"start":{"line":40,"column":19},"end":{"line":40,"column":21}},"4":{"start":{"line":43,"column":49},"end":{"line":43,"column":55}},"5":{"start":{"line":46,"column":12},"end":{"line":46,"column":27}},"6":{"start":{"line":47,"column":12},"end":{"line":47,"column":26}},"7":{"start":{"line":48,"column":12},"end":{"line":48,"column":28}},"8":{"start":{"line":49,"column":12},"end":{"line":49,"column":36}},"9":{"start":{"line":51,"column":4},"end":{"line":54,"column":7}},"10":{"start":{"line":59,"column":4},"end":{"line":59,"column":43}},"11":{"start":{"line":64,"column":4},"end":{"line":64,"column":25}},"12":{"start":{"line":69,"column":4},"end":{"line":72,"column":50}},"13":{"start":{"line":72,"column":18},"end":{"line":72,"column":48}},"14":{"start":{"line":77,"column":4},"end":{"line":80,"column":5}},"15":{"start":{"line":78,"column":6},"end":{"line":78,"column":48}},"16":{"start":{"line":79,"column":6},"end":{"line":79,"column":13}},"17":{"start":{"line":82,"column":4},"end":{"line":82,"column":26}},"18":{"start":{"line":83,"column":4},"end":{"line":83,"column":27}},"19":{"start":{"line":84,"column":4},"end":{"line":84,"column":29}},"20":{"start":{"line":87,"column":4},"end":{"line":87,"column":30}},"21":{"start":{"line":89,"column":22},"end":{"line":89,"column":50}},"22":{"start":{"line":90,"column":20},"end":{"line":94,"column":6}},"23":{"start":{"line":96,"column":32},"end":{"line":96,"column":52}},"24":{"start":{"line":98,"column":4},"end":{"line":137,"column":9}},"25":{"start":{"line":101,"column":10},"end":{"line":101,"column":33}},"26":{"start":{"line":102,"column":10},"end":{"line":102,"column":67}},"27":{"start":{"line":103,"column":10},"end":{"line":103,"column":46}},"28":{"start":{"line":105,"column":27},"end":{"line":105,"column":38}},"29":{"start":{"line":108,"column":10},"end":{"line":108,"column":45}},"30":{"start":{"line":111,"column":29},"end":{"line":111,"column":63}},"31":{"start":{"line":112,"column":10},"end":{"line":115,"column":11}},"32":{"start":{"line":113,"column":12},"end":{"line":113,"column":82}},"33":{"start":{"line":114,"column":12},"end":{"line":114,"column":19}},"34":{"start":{"line":118,"column":10},"end":{"line":130,"column":11}},"35":{"start":{"line":120,"column":14},"end":{"line":120,"column":46}},"36":{"start":{"line":121,"column":14},"end":{"line":121,"column":20}},"37":{"start":{"line":123,"column":14},"end":{"line":123,"column":46}},"38":{"start":{"line":124,"column":14},"end":{"line":124,"column":20}},"39":{"start":{"line":126,"column":14},"end":{"line":126,"column":46}},"40":{"start":{"line":127,"column":14},"end":{"line":127,"column":20}},"41":{"start":{"line":129,"column":14},"end":{"line":129,"column":42}},"42":{"start":{"line":133,"column":10},"end":{"line":133,"column":33}},"43":{"start":{"line":134,"column":10},"end":{"line":134,"column":45}},"44":{"start":{"line":135,"column":10},"end":{"line":135,"column":81}},"45":{"start":{"line":142,"column":4},"end":{"line":144,"column":7}},"46":{"start":{"line":143,"column":6},"end":{"line":143,"column":42}},"47":{"start":{"line":148,"column":16},"end":{"line":148,"column":51}},"48":{"start":{"line":149,"column":19},"end":{"line":149,"column":57}},"49":{"start":{"line":26,"column":13},"end":{"line":150,"column":null}}},"fnMap":{"0":{"name":"(anonymous_0)","decl":{"start":{"line":45,"column":2},"end":{"line":45,"column":null}},"loc":{"start":{"line":49,"column":36},"end":{"line":55,"column":3}}},"1":{"name":"(anonymous_1)","decl":{"start":{"line":58,"column":2},"end":{"line":58,"column":26}},"loc":{"start":{"line":58,"column":26},"end":{"line":60,"column":3}}},"2":{"name":"(anonymous_2)","decl":{"start":{"line":63,"column":2},"end":{"line":63,"column":13}},"loc":{"start":{"line":63,"column":54},"end":{"line":65,"column":3}}},"3":{"name":"(anonymous_3)","decl":{"start":{"line":68,"column":10},"end":{"line":68,"column":22}},"loc":{"start":{"line":68,"column":22},"end":{"line":73,"column":3}}},"4":{"name":"(anonymous_4)","decl":{"start":{"line":72,"column":12},"end":{"line":72,"column":15}},"loc":{"start":{"line":72,"column":18},"end":{"line":72,"column":48}}},"5":{"name":"(anonymous_5)","decl":{"start":{"line":76,"column":2},"end":{"line":76,"column":7}},"loc":{"start":{"line":76,"column":16},"end":{"line":138,"column":3}}},"6":{"name":"(anonymous_6)","decl":{"start":{"line":100,"column":14},"end":{"line":100,"column":15}},"loc":{"start":{"line":100,"column":27},"end":{"line":131,"column":9}}},"7":{"name":"(anonymous_7)","decl":{"start":{"line":132,"column":15},"end":{"line":132,"column":16}},"loc":{"start":{"line":132,"column":23},"end":{"line":136,"column":9}}},"8":{"name":"(anonymous_8)","decl":{"start":{"line":141,"column":10},"end":{"line":141,"column":30}},"loc":{"start":{"line":141,"column":51},"end":{"line":145,"column":3}}},"9":{"name":"(anonymous_9)","decl":{"start":{"line":142,"column":44},"end":{"line":142,"column":47}},"loc":{"start":{"line":142,"column":50},"end":{"line":144,"column":5}}},"10":{"name":"(anonymous_10)","decl":{"start":{"line":148,"column":2},"end":{"line":148,"column":6}},"loc":{"start":{"line":148,"column":11},"end":{"line":148,"column":53}}},"11":{"name":"(anonymous_11)","decl":{"start":{"line":149,"column":2},"end":{"line":149,"column":6}},"loc":{"start":{"line":149,"column":14},"end":{"line":149,"column":59}}}},"branchMap":{"0":{"loc":{"start":{"line":77,"column":4},"end":{"line":80,"column":5}},"type":"if","locations":[{"start":{"line":77,"column":4},"end":{"line":80,"column":5}}]},"1":{"loc":{"start":{"line":89,"column":22},"end":{"line":89,"column":50}},"type":"binary-expr","locations":[{"start":{"line":89,"column":22},"end":{"line":89,"column":44}},{"start":{"line":89,"column":48},"end":{"line":89,"column":50}}]},"2":{"loc":{"start":{"line":112,"column":10},"end":{"line":115,"column":11}},"type":"if","locations":[{"start":{"line":112,"column":10},"end":{"line":115,"column":11}}]},"3":{"loc":{"start":{"line":112,"column":14},"end":{"line":112,"column":73}},"type":"binary-expr","locations":[{"start":{"line":112,"column":14},"end":{"line":112,"column":43}},{"start":{"line":112,"column":47},"end":{"line":112,"column":73}}]},"4":{"loc":{"start":{"line":118,"column":10},"end":{"line":130,"column":11}},"type":"switch","locations":[{"start":{"line":119,"column":12},"end":{"line":121,"column":20}},{"start":{"line":122,"column":12},"end":{"line":124,"column":20}},{"start":{"line":125,"column":12},"end":{"line":127,"column":20}},{"start":{"line":128,"column":12},"end":{"line":129,"column":42}}]},"5":{"loc":{"start":{"line":135,"column":30},"end":{"line":135,"column":80}},"type":"binary-expr","locations":[{"start":{"line":135,"column":30},"end":{"line":135,"column":48}},{"start":{"line":135,"column":52},"end":{"line":135,"column":80}}]}},"s":{"0":15,"1":15,"2":15,"3":15,"4":15,"5":15,"6":15,"7":15,"8":15,"9":15,"10":1,"11":1,"12":7,"13":7,"14":8,"15":1,"16":1,"17":7,"18":7,"19":7,"20":7,"21":7,"22":7,"23":7,"24":7,"25":5,"26":5,"27":5,"28":5,"29":5,"30":5,"31":5,"32":1,"33":1,"34":4,"35":1,"36":1,"37":1,"38":1,"39":1,"40":1,"41":1,"42":2,"43":2,"44":2,"45":1,"46":2,"47":1,"48":0,"49":1},"f":{"0":15,"1":1,"2":1,"3":7,"4":7,"5":8,"6":5,"7":2,"8":1,"9":2,"10":1,"11":0},"b":{"0":[1],"1":[7,7],"2":[1],"3":[5,4],"4":[1,1,1,1],"5":[2,1]}}
,"/app/src/manage-account/manage-account.ts": {"path":"/app/src/manage-account/manage-account.ts","statementMap":{"0":{"start":{"line":28,"column":32},"end":{"line":28,"column":36}},"1":{"start":{"line":31,"column":12},"end":{"line":31,"column":36}},"2":{"start":{"line":32,"column":12},"end":{"line":32,"column":26}},"3":{"start":{"line":33,"column":12},"end":{"line":33,"column":28}},"4":{"start":{"line":37,"column":4},"end":{"line":37,"column":43}},"5":{"start":{"line":41,"column":4},"end":{"line":45,"column":5}},"6":{"start":{"line":42,"column":6},"end":{"line":42,"column":38}},"7":{"start":{"line":44,"column":6},"end":{"line":44,"column":34}},"8":{"start":{"line":53,"column":4},"end":{"line":79,"column":7}},"9":{"start":{"line":55,"column":8},"end":{"line":55,"column":51}},"10":{"start":{"line":56,"column":8},"end":{"line":74,"column":9}},"11":{"start":{"line":58,"column":46},"end":{"line":58,"column":104}},"12":{"start":{"line":59,"column":12},"end":{"line":59,"column":71}},"13":{"start":{"line":60,"column":12},"end":{"line":60,"column":18}},"14":{"start":{"line":63,"column":45},"end":{"line":63,"column":101}},"15":{"start":{"line":64,"column":12},"end":{"line":64,"column":70}},"16":{"start":{"line":65,"column":12},"end":{"line":65,"column":18}},"17":{"start":{"line":68,"column":48},"end":{"line":68,"column":110}},"18":{"start":{"line":69,"column":12},"end":{"line":69,"column":73}},"19":{"start":{"line":70,"column":12},"end":{"line":70,"column":18}},"20":{"start":{"line":73,"column":12},"end":{"line":73,"column":40}},"21":{"start":{"line":77,"column":8},"end":{"line":77,"column":36}},"22":{"start":{"line":23,"column":13},"end":{"line":81,"column":null}}},"fnMap":{"0":{"name":"(anonymous_0)","decl":{"start":{"line":30,"column":2},"end":{"line":30,"column":null}},"loc":{"start":{"line":33,"column":28},"end":{"line":34,"column":7}}},"1":{"name":"(anonymous_1)","decl":{"start":{"line":36,"column":2},"end":{"line":36,"column":10}},"loc":{"start":{"line":36,"column":10},"end":{"line":38,"column":3}}},"2":{"name":"(anonymous_2)","decl":{"start":{"line":40,"column":2},"end":{"line":40,"column":17}},"loc":{"start":{"line":40,"column":17},"end":{"line":46,"column":3}}},"3":{"name":"(anonymous_3)","decl":{"start":{"line":52,"column":10},"end":{"line":52,"column":15}},"loc":{"start":{"line":52,"column":44},"end":{"line":80,"column":3}}},"4":{"name":"(anonymous_4)","decl":{"start":{"line":54,"column":12},"end":{"line":54,"column":17}},"loc":{"start":{"line":54,"column":23},"end":{"line":75,"column":7}}},"5":{"name":"(anonymous_5)","decl":{"start":{"line":76,"column":13},"end":{"line":76,"column":16}},"loc":{"start":{"line":76,"column":18},"end":{"line":78,"column":7}}}},"branchMap":{"0":{"loc":{"start":{"line":41,"column":4},"end":{"line":45,"column":5}},"type":"if","locations":[{"start":{"line":41,"column":4},"end":{"line":45,"column":5}},{"start":{"line":43,"column":11},"end":{"line":45,"column":5}}]},"1":{"loc":{"start":{"line":56,"column":8},"end":{"line":74,"column":9}},"type":"switch","locations":[{"start":{"line":57,"column":10},"end":{"line":61,"column":11}},{"start":{"line":62,"column":10},"end":{"line":66,"column":11}},{"start":{"line":67,"column":10},"end":{"line":71,"column":11}},{"start":{"line":72,"column":10},"end":{"line":73,"column":40}}]}},"s":{"0":10,"1":10,"2":10,"3":10,"4":3,"5":2,"6":1,"7":1,"8":1,"9":0,"10":0,"11":0,"12":0,"13":0,"14":0,"15":0,"16":0,"17":0,"18":0,"19":0,"20":0,"21":0,"22":1},"f":{"0":10,"1":3,"2":2,"3":1,"4":0,"5":0},"b":{"0":[1,1],"1":[0,0,0,0]}}
,"/app/src/org-home/org-home.ts": {"path":"/app/src/org-home/org-home.ts","statementMap":{"0":{"start":{"line":32,"column":33},"end":{"line":32,"column":35}},"1":{"start":{"line":33,"column":31},"end":{"line":33,"column":33}},"2":{"start":{"line":34,"column":12},"end":{"line":34,"column":17}},"3":{"start":{"line":35,"column":25},"end":{"line":35,"column":29}},"4":{"start":{"line":37,"column":19},"end":{"line":37,"column":46}},"5":{"start":{"line":40,"column":12},"end":{"line":40,"column":28}},"6":{"start":{"line":41,"column":12},"end":{"line":41,"column":26}},"7":{"start":{"line":42,"column":12},"end":{"line":42,"column":36}},"8":{"start":{"line":46,"column":4},"end":{"line":46,"column":20}},"9":{"start":{"line":51,"column":4},"end":{"line":51,"column":24}},"10":{"start":{"line":52,"column":4},"end":{"line":52,"column":22}},"11":{"start":{"line":55,"column":4},"end":{"line":88,"column":12}},"12":{"start":{"line":56,"column":6},"end":{"line":87,"column":7}},"13":{"start":{"line":57,"column":8},"end":{"line":75,"column":10}},"14":{"start":{"line":77,"column":8},"end":{"line":81,"column":10}},"15":{"start":{"line":83,"column":8},"end":{"line":83,"column":25}},"16":{"start":{"line":84,"column":8},"end":{"line":84,"column":62}},"17":{"start":{"line":86,"column":8},"end":{"line":86,"column":29}},"18":{"start":{"line":93,"column":4},"end":{"line":93,"column":20}},"19":{"start":{"line":98,"column":22},"end":{"line":98,"column":64}},"20":{"start":{"line":99,"column":4},"end":{"line":99,"column":27}},"21":{"start":{"line":99,"column":20},"end":{"line":99,"column":27}},"22":{"start":{"line":102,"column":4},"end":{"line":102,"column":68}},"23":{"start":{"line":102,"column":50},"end":{"line":102,"column":66}},"24":{"start":{"line":103,"column":4},"end":{"line":103,"column":47}},"25":{"start":{"line":108,"column":4},"end":{"line":108,"column":55}},"26":{"start":{"line":116,"column":4},"end":{"line":116,"column":39}},"27":{"start":{"line":120,"column":4},"end":{"line":120,"column":36}},"28":{"start":{"line":124,"column":4},"end":{"line":124,"column":39}},"29":{"start":{"line":129,"column":4},"end":{"line":129,"column":41}},"30":{"start":{"line":133,"column":4},"end":{"line":133,"column":33}},"31":{"start":{"line":134,"column":4},"end":{"line":134,"column":41}},"32":{"start":{"line":135,"column":4},"end":{"line":135,"column":37}},"33":{"start":{"line":31,"column":13},"end":{"line":137,"column":null}}},"fnMap":{"0":{"name":"(anonymous_0)","decl":{"start":{"line":39,"column":2},"end":{"line":39,"column":null}},"loc":{"start":{"line":42,"column":36},"end":{"line":43,"column":7}}},"1":{"name":"(anonymous_1)","decl":{"start":{"line":45,"column":2},"end":{"line":45,"column":10}},"loc":{"start":{"line":45,"column":10},"end":{"line":47,"column":3}}},"2":{"name":"(anonymous_2)","decl":{"start":{"line":50,"column":2},"end":{"line":50,"column":10}},"loc":{"start":{"line":50,"column":10},"end":{"line":89,"column":3}}},"3":{"name":"(anonymous_3)","decl":{"start":{"line":55,"column":15},"end":{"line":55,"column":18}},"loc":{"start":{"line":55,"column":20},"end":{"line":88,"column":5}}},"4":{"name":"(anonymous_4)","decl":{"start":{"line":92,"column":2},"end":{"line":92,"column":12}},"loc":{"start":{"line":92,"column":12},"end":{"line":94,"column":3}}},"5":{"name":"(anonymous_5)","decl":{"start":{"line":97,"column":2},"end":{"line":97,"column":12}},"loc":{"start":{"line":97,"column":32},"end":{"line":104,"column":3}}},"6":{"name":"(anonymous_6)","decl":{"start":{"line":102,"column":43},"end":{"line":102,"column":44}},"loc":{"start":{"line":102,"column":50},"end":{"line":102,"column":66}}},"7":{"name":"(anonymous_7)","decl":{"start":{"line":107,"column":2},"end":{"line":107,"column":21}},"loc":{"start":{"line":107,"column":40},"end":{"line":111,"column":3}}},"8":{"name":"(anonymous_8)","decl":{"start":{"line":115,"column":2},"end":{"line":115,"column":13}},"loc":{"start":{"line":115,"column":13},"end":{"line":117,"column":3}}},"9":{"name":"(anonymous_9)","decl":{"start":{"line":119,"column":2},"end":{"line":119,"column":10}},"loc":{"start":{"line":119,"column":10},"end":{"line":121,"column":3}}},"10":{"name":"(anonymous_10)","decl":{"start":{"line":123,"column":2},"end":{"line":123,"column":12}},"loc":{"start":{"line":123,"column":12},"end":{"line":126,"column":3}}},"11":{"name":"(anonymous_11)","decl":{"start":{"line":128,"column":2},"end":{"line":128,"column":15}},"loc":{"start":{"line":128,"column":15},"end":{"line":130,"column":3}}},"12":{"name":"(anonymous_12)","decl":{"start":{"line":132,"column":2},"end":{"line":132,"column":8}},"loc":{"start":{"line":132,"column":8},"end":{"line":136,"column":3}}}},"branchMap":{"0":{"loc":{"start":{"line":99,"column":4},"end":{"line":99,"column":27}},"type":"if","locations":[{"start":{"line":99,"column":4},"end":{"line":99,"column":27}}]}},"s":{"0":0,"1":0,"2":0,"3":0,"4":0,"5":0,"6":0,"7":0,"8":0,"9":0,"10":0,"11":0,"12":0,"13":0,"14":0,"15":0,"16":0,"17":0,"18":0,"19":0,"20":0,"21":0,"22":0,"23":0,"24":0,"25":0,"26":0,"27":0,"28":0,"29":0,"30":0,"31":0,"32":0,"33":1},"f":{"0":0,"1":0,"2":0,"3":0,"4":0,"5":0,"6":0,"7":0,"8":0,"9":0,"10":0,"11":0,"12":0},"b":{"0":[0]}}
,"/app/src/org-manage-account/org-manage-account.ts": {"path":"/app/src/org-manage-account/org-manage-account.ts","statementMap":{"0":{"start":{"line":21,"column":15},"end":{"line":25,"column":4}},"1":{"start":{"line":27,"column":17},"end":{"line":27,"column":22}},"2":{"start":{"line":28,"column":34},"end":{"line":28,"column":38}},"3":{"start":{"line":29,"column":32},"end":{"line":29,"column":36}},"4":{"start":{"line":31,"column":19},"end":{"line":31,"column":52}},"5":{"start":{"line":33,"column":22},"end":{"line":33,"column":38}},"6":{"start":{"line":36,"column":4},"end":{"line":36,"column":20}},"7":{"start":{"line":41,"column":4},"end":{"line":44,"column":7}},"8":{"start":{"line":42,"column":23},"end":{"line":42,"column":39}},"9":{"start":{"line":43,"column":22},"end":{"line":43,"column":63}},"10":{"start":{"line":48,"column":20},"end":{"line":48,"column":75}},"11":{"start":{"line":49,"column":4},"end":{"line":60,"column":7}},"12":{"start":{"line":51,"column":8},"end":{"line":51,"column":62}},"13":{"start":{"line":52,"column":8},"end":{"line":52,"column":33}},"14":{"start":{"line":53,"column":8},"end":{"line":53,"column":32}},"15":{"start":{"line":56,"column":8},"end":{"line":56,"column":56}},"16":{"start":{"line":57,"column":8},"end":{"line":57,"column":35}},"17":{"start":{"line":58,"column":8},"end":{"line":58,"column":27}},"18":{"start":{"line":64,"column":4},"end":{"line":64,"column":43}},"19":{"start":{"line":70,"column":4},"end":{"line":70,"column":20}},"20":{"start":{"line":75,"column":4},"end":{"line":75,"column":35}},"21":{"start":{"line":80,"column":4},"end":{"line":80,"column":38}},"22":{"start":{"line":84,"column":4},"end":{"line":84,"column":40}},"23":{"start":{"line":90,"column":4},"end":{"line":90,"column":36}},"24":{"start":{"line":20,"column":13},"end":{"line":92,"column":null}}},"fnMap":{"0":{"name":"(anonymous_0)","decl":{"start":{"line":33,"column":2},"end":{"line":33,"column":22}},"loc":{"start":{"line":33,"column":38},"end":{"line":33,"column":43}}},"1":{"name":"(anonymous_1)","decl":{"start":{"line":35,"column":2},"end":{"line":35,"column":10}},"loc":{"start":{"line":35,"column":10},"end":{"line":37,"column":3}}},"2":{"name":"(anonymous_2)","decl":{"start":{"line":39,"column":2},"end":{"line":39,"column":10}},"loc":{"start":{"line":39,"column":10},"end":{"line":45,"column":3}}},"3":{"name":"(anonymous_3)","decl":{"start":{"line":42,"column":12},"end":{"line":42,"column":13}},"loc":{"start":{"line":42,"column":23},"end":{"line":42,"column":39}}},"4":{"name":"(anonymous_4)","decl":{"start":{"line":43,"column":13},"end":{"line":43,"column":14}},"loc":{"start":{"line":43,"column":22},"end":{"line":43,"column":63}}},"5":{"name":"(anonymous_5)","decl":{"start":{"line":47,"column":2},"end":{"line":47,"column":15}},"loc":{"start":{"line":47,"column":15},"end":{"line":61,"column":3}}},"6":{"name":"(anonymous_6)","decl":{"start":{"line":50,"column":12},"end":{"line":50,"column":15}},"loc":{"start":{"line":50,"column":17},"end":{"line":54,"column":7}}},"7":{"name":"(anonymous_7)","decl":{"start":{"line":55,"column":13},"end":{"line":55,"column":14}},"loc":{"start":{"line":55,"column":21},"end":{"line":59,"column":7}}},"8":{"name":"(anonymous_8)","decl":{"start":{"line":63,"column":2},"end":{"line":63,"column":16}},"loc":{"start":{"line":63,"column":16},"end":{"line":65,"column":3}}},"9":{"name":"(anonymous_9)","decl":{"start":{"line":68,"column":2},"end":{"line":68,"column":13}},"loc":{"start":{"line":68,"column":13},"end":{"line":71,"column":3}}},"10":{"name":"(anonymous_10)","decl":{"start":{"line":73,"column":2},"end":{"line":73,"column":10}},"loc":{"start":{"line":73,"column":10},"end":{"line":76,"column":3}}},"11":{"name":"(anonymous_11)","decl":{"start":{"line":78,"column":2},"end":{"line":78,"column":12}},"loc":{"start":{"line":78,"column":12},"end":{"line":81,"column":3}}},"12":{"name":"(anonymous_12)","decl":{"start":{"line":83,"column":2},"end":{"line":83,"column":15}},"loc":{"start":{"line":83,"column":15},"end":{"line":85,"column":3}}},"13":{"name":"(anonymous_13)","decl":{"start":{"line":87,"column":2},"end":{"line":87,"column":8}},"loc":{"start":{"line":87,"column":8},"end":{"line":91,"column":3}}}},"branchMap":{},"s":{"0":0,"1":0,"2":0,"3":0,"4":0,"5":0,"6":0,"7":0,"8":0,"9":0,"10":0,"11":0,"12":0,"13":0,"14":0,"15":0,"16":0,"17":0,"18":0,"19":0,"20":0,"21":0,"22":0,"23":0,"24":1},"f":{"0":0,"1":0,"2":0,"3":0,"4":0,"5":0,"6":0,"7":0,"8":0,"9":0,"10":0,"11":0,"12":0,"13":0},"b":{}}
,"/app/src/org-order-history/org-order-history.ts": {"path":"/app/src/org-order-history/org-order-history.ts","statementMap":{"0":{"start":{"line":22,"column":23},"end":{"line":22,"column":25}},"1":{"start":{"line":23,"column":12},"end":{"line":23,"column":17}},"2":{"start":{"line":24,"column":25},"end":{"line":24,"column":29}},"3":{"start":{"line":25,"column":14},"end":{"line":25,"column":22}},"4":{"start":{"line":27,"column":19},"end":{"line":27,"column":46}},"5":{"start":{"line":30,"column":12},"end":{"line":30,"column":28}},"6":{"start":{"line":31,"column":12},"end":{"line":31,"column":26}},"7":{"start":{"line":35,"column":4},"end":{"line":35,"column":22}},"8":{"start":{"line":40,"column":4},"end":{"line":40,"column":36}},"9":{"start":{"line":44,"column":4},"end":{"line":44,"column":39}},"10":{"start":{"line":48,"column":4},"end":{"line":48,"column":30}},"11":{"start":{"line":49,"column":4},"end":{"line":49,"column":22}},"12":{"start":{"line":53,"column":4},"end":{"line":53,"column":41}},"13":{"start":{"line":57,"column":4},"end":{"line":57,"column":41}},"14":{"start":{"line":58,"column":4},"end":{"line":58,"column":37}},"15":{"start":{"line":63,"column":4},"end":{"line":63,"column":24}},"16":{"start":{"line":64,"column":4},"end":{"line":64,"column":22}},"17":{"start":{"line":66,"column":4},"end":{"line":76,"column":7}},"18":{"start":{"line":68,"column":8},"end":{"line":68,"column":27}},"19":{"start":{"line":69,"column":8},"end":{"line":69,"column":29}},"20":{"start":{"line":72,"column":8},"end":{"line":72,"column":27}},"21":{"start":{"line":73,"column":8},"end":{"line":73,"column":46}},"22":{"start":{"line":74,"column":8},"end":{"line":74,"column":29}},"23":{"start":{"line":80,"column":4},"end":{"line":80,"column":22}},"24":{"start":{"line":84,"column":4},"end":{"line":84,"column":52}},"25":{"start":{"line":21,"column":13},"end":{"line":86,"column":null}}},"fnMap":{"0":{"name":"(anonymous_0)","decl":{"start":{"line":29,"column":2},"end":{"line":29,"column":null}},"loc":{"start":{"line":31,"column":26},"end":{"line":32,"column":7}}},"1":{"name":"(anonymous_1)","decl":{"start":{"line":34,"column":2},"end":{"line":34,"column":10}},"loc":{"start":{"line":34,"column":10},"end":{"line":36,"column":3}}},"2":{"name":"(anonymous_2)","decl":{"start":{"line":39,"column":2},"end":{"line":39,"column":10}},"loc":{"start":{"line":39,"column":10},"end":{"line":41,"column":3}}},"3":{"name":"(anonymous_3)","decl":{"start":{"line":43,"column":2},"end":{"line":43,"column":13}},"loc":{"start":{"line":43,"column":13},"end":{"line":45,"column":3}}},"4":{"name":"(anonymous_4)","decl":{"start":{"line":47,"column":2},"end":{"line":47,"column":12}},"loc":{"start":{"line":47,"column":12},"end":{"line":50,"column":3}}},"5":{"name":"(anonymous_5)","decl":{"start":{"line":52,"column":2},"end":{"line":52,"column":15}},"loc":{"start":{"line":52,"column":15},"end":{"line":54,"column":3}}},"6":{"name":"(anonymous_6)","decl":{"start":{"line":56,"column":2},"end":{"line":56,"column":8}},"loc":{"start":{"line":56,"column":8},"end":{"line":59,"column":3}}},"7":{"name":"(anonymous_7)","decl":{"start":{"line":62,"column":2},"end":{"line":62,"column":12}},"loc":{"start":{"line":62,"column":12},"end":{"line":77,"column":3}}},"8":{"name":"(anonymous_8)","decl":{"start":{"line":67,"column":12},"end":{"line":67,"column":13}},"loc":{"start":{"line":67,"column":21},"end":{"line":70,"column":7}}},"9":{"name":"(anonymous_9)","decl":{"start":{"line":71,"column":13},"end":{"line":71,"column":14}},"loc":{"start":{"line":71,"column":21},"end":{"line":75,"column":7}}},"10":{"name":"(anonymous_10)","decl":{"start":{"line":79,"column":2},"end":{"line":79,"column":15}},"loc":{"start":{"line":79,"column":15},"end":{"line":81,"column":3}}},"11":{"name":"(anonymous_11)","decl":{"start":{"line":83,"column":2},"end":{"line":83,"column":11}},"loc":{"start":{"line":83,"column":27},"end":{"line":85,"column":3}}}},"branchMap":{},"s":{"0":0,"1":0,"2":0,"3":0,"4":0,"5":0,"6":0,"7":0,"8":0,"9":0,"10":0,"11":0,"12":0,"13":0,"14":0,"15":0,"16":0,"17":0,"18":0,"19":0,"20":0,"21":0,"22":0,"23":0,"24":0,"25":1},"f":{"0":0,"1":0,"2":0,"3":0,"4":0,"5":0,"6":0,"7":0,"8":0,"9":0,"10":0,"11":0},"b":{}}
,"/app/src/register/register.ts": {"path":"/app/src/register/register.ts","statementMap":{"0":{"start":{"line":35,"column":16},"end":{"line":35,"column":17}},"1":{"start":{"line":38,"column":51},"end":{"line":38,"column":63}},"2":{"start":{"line":47,"column":17},"end":{"line":47,"column":22}},"3":{"start":{"line":50,"column":14},"end":{"line":50,"column":19}},"4":{"start":{"line":53,"column":17},"end":{"line":53,"column":19}},"5":{"start":{"line":56,"column":19},"end":{"line":56,"column":21}},"6":{"start":{"line":59,"column":4},"end":{"line":65,"column":6}},"7":{"start":{"line":60,"column":23},"end":{"line":60,"column":36}},"8":{"start":{"line":61,"column":6},"end":{"line":63,"column":7}},"9":{"start":{"line":62,"column":8},"end":{"line":62,"column":34}},"10":{"start":{"line":64,"column":6},"end":{"line":64,"column":18}},"11":{"start":{"line":75,"column":12},"end":{"line":75,"column":27}},"12":{"start":{"line":76,"column":12},"end":{"line":76,"column":26}},"13":{"start":{"line":77,"column":12},"end":{"line":77,"column":28}},"14":{"start":{"line":80,"column":4},"end":{"line":84,"column":52}},"15":{"start":{"line":87,"column":4},"end":{"line":91,"column":7}},"16":{"start":{"line":90,"column":59},"end":{"line":90,"column":72}},"17":{"start":{"line":100,"column":17},"end":{"line":100,"column":44}},"18":{"start":{"line":101,"column":20},"end":{"line":101,"column":54}},"19":{"start":{"line":102,"column":4},"end":{"line":102,"column":56}},"20":{"start":{"line":110,"column":4},"end":{"line":110,"column":25}},"21":{"start":{"line":117,"column":4},"end":{"line":117,"column":43}},"22":{"start":{"line":125,"column":4},"end":{"line":130,"column":5}},"23":{"start":{"line":126,"column":6},"end":{"line":126,"column":27}},"24":{"start":{"line":127,"column":6},"end":{"line":127,"column":29}},"25":{"start":{"line":129,"column":6},"end":{"line":129,"column":51}},"26":{"start":{"line":138,"column":4},"end":{"line":140,"column":50}},"27":{"start":{"line":140,"column":18},"end":{"line":140,"column":48}},"28":{"start":{"line":153,"column":4},"end":{"line":153,"column":32}},"29":{"start":{"line":154,"column":4},"end":{"line":157,"column":5}},"30":{"start":{"line":155,"column":6},"end":{"line":155,"column":50}},"31":{"start":{"line":156,"column":6},"end":{"line":156,"column":13}},"32":{"start":{"line":158,"column":4},"end":{"line":158,"column":28}},"33":{"start":{"line":161,"column":4},"end":{"line":161,"column":26}},"34":{"start":{"line":162,"column":4},"end":{"line":162,"column":27}},"35":{"start":{"line":165,"column":4},"end":{"line":165,"column":30}},"36":{"start":{"line":167,"column":21},"end":{"line":167,"column":44}},"37":{"start":{"line":168,"column":22},"end":{"line":168,"column":44}},"38":{"start":{"line":171,"column":25},"end":{"line":171,"column":27}},"39":{"start":{"line":172,"column":4},"end":{"line":184,"column":5}},"40":{"start":{"line":174,"column":8},"end":{"line":174,"column":32}},"41":{"start":{"line":175,"column":8},"end":{"line":175,"column":14}},"42":{"start":{"line":177,"column":8},"end":{"line":177,"column":40}},"43":{"start":{"line":178,"column":8},"end":{"line":178,"column":14}},"44":{"start":{"line":180,"column":8},"end":{"line":180,"column":34}},"45":{"start":{"line":181,"column":8},"end":{"line":181,"column":14}},"46":{"start":{"line":183,"column":8},"end":{"line":183,"column":32}},"47":{"start":{"line":187,"column":20},"end":{"line":192,"column":6}},"48":{"start":{"line":195,"column":22},"end":{"line":195,"column":50}},"49":{"start":{"line":196,"column":20},"end":{"line":200,"column":6}},"50":{"start":{"line":203,"column":4},"end":{"line":215,"column":9}},"51":{"start":{"line":206,"column":10},"end":{"line":206,"column":33}},"52":{"start":{"line":207,"column":10},"end":{"line":207,"column":74}},"53":{"start":{"line":209,"column":10},"end":{"line":209,"column":67}},"54":{"start":{"line":209,"column":27},"end":{"line":209,"column":59}},"55":{"start":{"line":212,"column":10},"end":{"line":212,"column":33}},"56":{"start":{"line":213,"column":10},"end":{"line":213,"column":75}},"57":{"start":{"line":222,"column":4},"end":{"line":222,"column":25}},"58":{"start":{"line":230,"column":4},"end":{"line":232,"column":7}},"59":{"start":{"line":231,"column":6},"end":{"line":231,"column":42}},"60":{"start":{"line":238,"column":16},"end":{"line":238,"column":54}},"61":{"start":{"line":241,"column":19},"end":{"line":241,"column":60}},"62":{"start":{"line":244,"column":26},"end":{"line":244,"column":74}},"63":{"start":{"line":249,"column":15},"end":{"line":249,"column":51}},"64":{"start":{"line":252,"column":18},"end":{"line":252,"column":57}},"65":{"start":{"line":255,"column":23},"end":{"line":255,"column":67}},"66":{"start":{"line":33,"column":13},"end":{"line":256,"column":null}}},"fnMap":{"0":{"name":"(anonymous_0)","decl":{"start":{"line":58,"column":10},"end":{"line":58,"column":31}},"loc":{"start":{"line":58,"column":57},"end":{"line":66,"column":3}}},"1":{"name":"(anonymous_1)","decl":{"start":{"line":59,"column":11},"end":{"line":59,"column":12}},"loc":{"start":{"line":59,"column":40},"end":{"line":65,"column":5}}},"2":{"name":"(anonymous_2)","decl":{"start":{"line":74,"column":2},"end":{"line":74,"column":null}},"loc":{"start":{"line":77,"column":28},"end":{"line":92,"column":3}}},"3":{"name":"(anonymous_3)","decl":{"start":{"line":90,"column":53},"end":{"line":90,"column":56}},"loc":{"start":{"line":90,"column":59},"end":{"line":90,"column":72}}},"4":{"name":"(anonymous_4)","decl":{"start":{"line":99,"column":10},"end":{"line":99,"column":33}},"loc":{"start":{"line":99,"column":49},"end":{"line":103,"column":3}}},"5":{"name":"(anonymous_5)","decl":{"start":{"line":109,"column":2},"end":{"line":109,"column":13}},"loc":{"start":{"line":109,"column":56},"end":{"line":111,"column":3}}},"6":{"name":"(anonymous_6)","decl":{"start":{"line":116,"column":2},"end":{"line":116,"column":26}},"loc":{"start":{"line":116,"column":26},"end":{"line":118,"column":3}}},"7":{"name":"(anonymous_7)","decl":{"start":{"line":124,"column":2},"end":{"line":124,"column":14}},"loc":{"start":{"line":124,"column":14},"end":{"line":131,"column":3}}},"8":{"name":"(anonymous_8)","decl":{"start":{"line":137,"column":10},"end":{"line":137,"column":22}},"loc":{"start":{"line":137,"column":22},"end":{"line":141,"column":3}}},"9":{"name":"(anonymous_9)","decl":{"start":{"line":140,"column":12},"end":{"line":140,"column":15}},"loc":{"start":{"line":140,"column":18},"end":{"line":140,"column":48}}},"10":{"name":"(anonymous_10)","decl":{"start":{"line":151,"column":2},"end":{"line":151,"column":7}},"loc":{"start":{"line":151,"column":21},"end":{"line":216,"column":3}}},"11":{"name":"(anonymous_11)","decl":{"start":{"line":205,"column":14},"end":{"line":205,"column":15}},"loc":{"start":{"line":205,"column":27},"end":{"line":210,"column":9}}},"12":{"name":"(anonymous_12)","decl":{"start":{"line":209,"column":21},"end":{"line":209,"column":24}},"loc":{"start":{"line":209,"column":27},"end":{"line":209,"column":59}}},"13":{"name":"(anonymous_13)","decl":{"start":{"line":211,"column":15},"end":{"line":211,"column":16}},"loc":{"start":{"line":211,"column":23},"end":{"line":214,"column":9}}},"14":{"name":"(anonymous_14)","decl":{"start":{"line":221,"column":2},"end":{"line":221,"column":8}},"loc":{"start":{"line":221,"column":8},"end":{"line":223,"column":3}}},"15":{"name":"(anonymous_15)","decl":{"start":{"line":229,"column":10},"end":{"line":229,"column":30}},"loc":{"start":{"line":229,"column":51},"end":{"line":233,"column":3}}},"16":{"name":"(anonymous_16)","decl":{"start":{"line":230,"column":44},"end":{"line":230,"column":47}},"loc":{"start":{"line":230,"column":50},"end":{"line":232,"column":5}}},"17":{"name":"(anonymous_17)","decl":{"start":{"line":238,"column":2},"end":{"line":238,"column":6}},"loc":{"start":{"line":238,"column":11},"end":{"line":238,"column":56}}},"18":{"name":"(anonymous_18)","decl":{"start":{"line":241,"column":2},"end":{"line":241,"column":6}},"loc":{"start":{"line":241,"column":14},"end":{"line":241,"column":62}}},"19":{"name":"(anonymous_19)","decl":{"start":{"line":244,"column":2},"end":{"line":244,"column":6}},"loc":{"start":{"line":244,"column":21},"end":{"line":244,"column":76}}},"20":{"name":"(anonymous_20)","decl":{"start":{"line":249,"column":2},"end":{"line":249,"column":6}},"loc":{"start":{"line":249,"column":10},"end":{"line":249,"column":53}}},"21":{"name":"(anonymous_21)","decl":{"start":{"line":252,"column":2},"end":{"line":252,"column":6}},"loc":{"start":{"line":252,"column":13},"end":{"line":252,"column":59}}},"22":{"name":"(anonymous_22)","decl":{"start":{"line":255,"column":2},"end":{"line":255,"column":6}},"loc":{"start":{"line":255,"column":18},"end":{"line":255,"column":69}}}},"branchMap":{"0":{"loc":{"start":{"line":61,"column":6},"end":{"line":63,"column":7}},"type":"if","locations":[{"start":{"line":61,"column":6},"end":{"line":63,"column":7}}]},"1":{"loc":{"start":{"line":61,"column":10},"end":{"line":61,"column":51}},"type":"binary-expr","locations":[{"start":{"line":61,"column":10},"end":{"line":61,"column":33}},{"start":{"line":61,"column":37},"end":{"line":61,"column":51}}]},"2":{"loc":{"start":{"line":102,"column":11},"end":{"line":102,"column":55}},"type":"cond-expr","locations":[{"start":{"line":102,"column":30},"end":{"line":102,"column":34}},{"start":{"line":102,"column":37},"end":{"line":102,"column":55}}]},"3":{"loc":{"start":{"line":125,"column":4},"end":{"line":130,"column":5}},"type":"if","locations":[{"start":{"line":125,"column":4},"end":{"line":130,"column":5}},{"start":{"line":128,"column":11},"end":{"line":130,"column":5}}]},"4":{"loc":{"start":{"line":154,"column":4},"end":{"line":157,"column":5}},"type":"if","locations":[{"start":{"line":154,"column":4},"end":{"line":157,"column":5}}]},"5":{"loc":{"start":{"line":172,"column":4},"end":{"line":184,"column":5}},"type":"switch","locations":[{"start":{"line":173,"column":6},"end":{"line":175,"column":14}},{"start":{"line":176,"column":6},"end":{"line":178,"column":14}},{"start":{"line":179,"column":6},"end":{"line":181,"column":14}},{"start":{"line":182,"column":6},"end":{"line":183,"column":32}}]},"6":{"loc":{"start":{"line":195,"column":22},"end":{"line":195,"column":50}},"type":"binary-expr","locations":[{"start":{"line":195,"column":22},"end":{"line":195,"column":44}},{"start":{"line":195,"column":48},"end":{"line":195,"column":50}}]},"7":{"loc":{"start":{"line":213,"column":30},"end":{"line":213,"column":74}},"type":"binary-expr","locations":[{"start":{"line":213,"column":30},"end":{"line":213,"column":48}},{"start":{"line":213,"column":52},"end":{"line":213,"column":74}}]}},"s":{"0":17,"1":17,"2":17,"3":17,"4":17,"5":17,"6":17,"7":23,"8":23,"9":0,"10":23,"11":17,"12":17,"13":17,"14":17,"15":17,"16":23,"17":27,"18":27,"19":27,"20":1,"21":1,"22":2,"23":1,"24":1,"25":1,"26":5,"27":5,"28":6,"29":6,"30":1,"31":1,"32":5,"33":5,"34":5,"35":5,"36":5,"37":5,"38":5,"39":5,"40":3,"41":3,"42":1,"43":1,"44":1,"45":1,"46":0,"47":5,"48":5,"49":5,"50":5,"51":3,"52":3,"53":3,"54":3,"55":2,"56":2,"57":1,"58":2,"59":6,"60":1,"61":1,"62":1,"63":1,"64":1,"65":1,"66":1},"f":{"0":17,"1":23,"2":17,"3":23,"4":27,"5":1,"6":1,"7":2,"8":5,"9":5,"10":6,"11":3,"12":3,"13":2,"14":1,"15":2,"16":6,"17":1,"18":1,"19":1,"20":1,"21":1,"22":1},"b":{"0":[0],"1":[23,0],"2":[27,0],"3":[1,1],"4":[1],"5":[3,1,1,0],"6":[5,5],"7":[2,1]}}
,"/app/src/user-home/user-home.ts": {"path":"/app/src/user-home/user-home.ts","statementMap":{"0":{"start":{"line":52,"column":30},"end":{"line":52,"column":32}},"1":{"start":{"line":53,"column":12},"end":{"line":53,"column":17}},"2":{"start":{"line":54,"column":25},"end":{"line":54,"column":29}},"3":{"start":{"line":56,"column":19},"end":{"line":56,"column":51}},"4":{"start":{"line":58,"column":22},"end":{"line":58,"column":38}},"5":{"start":{"line":58,"column":48},"end":{"line":58,"column":62}},"6":{"start":{"line":61,"column":4},"end":{"line":61,"column":27}},"7":{"start":{"line":68,"column":4},"end":{"line":68,"column":39}},"8":{"start":{"line":73,"column":4},"end":{"line":73,"column":40}},"9":{"start":{"line":78,"column":4},"end":{"line":78,"column":39}},"10":{"start":{"line":83,"column":4},"end":{"line":83,"column":41}},"11":{"start":{"line":84,"column":4},"end":{"line":84,"column":37}},"12":{"start":{"line":51,"column":13},"end":{"line":113,"column":null}}},"fnMap":{"0":{"name":"(anonymous_0)","decl":{"start":{"line":58,"column":2},"end":{"line":58,"column":22}},"loc":{"start":{"line":58,"column":62},"end":{"line":58,"column":67}}},"1":{"name":"(anonymous_1)","decl":{"start":{"line":60,"column":2},"end":{"line":60,"column":10}},"loc":{"start":{"line":60,"column":10},"end":{"line":62,"column":3}}},"2":{"name":"(anonymous_2)","decl":{"start":{"line":67,"column":2},"end":{"line":67,"column":13}},"loc":{"start":{"line":67,"column":13},"end":{"line":69,"column":3}}},"3":{"name":"(anonymous_3)","decl":{"start":{"line":72,"column":2},"end":{"line":72,"column":10}},"loc":{"start":{"line":72,"column":10},"end":{"line":74,"column":3}}},"4":{"name":"(anonymous_4)","decl":{"start":{"line":77,"column":2},"end":{"line":77,"column":12}},"loc":{"start":{"line":77,"column":12},"end":{"line":79,"column":3}}},"5":{"name":"(anonymous_5)","decl":{"start":{"line":82,"column":2},"end":{"line":82,"column":8}},"loc":{"start":{"line":82,"column":8},"end":{"line":85,"column":3}}},"6":{"name":"(anonymous_6)","decl":{"start":{"line":90,"column":2},"end":{"line":90,"column":17}},"loc":{"start":{"line":90,"column":17},"end":{"line":92,"column":3}}},"7":{"name":"(anonymous_7)","decl":{"start":{"line":95,"column":2},"end":{"line":95,"column":16}},"loc":{"start":{"line":95,"column":39},"end":{"line":97,"column":3}}},"8":{"name":"(anonymous_8)","decl":{"start":{"line":100,"column":2},"end":{"line":100,"column":15}},"loc":{"start":{"line":100,"column":38},"end":{"line":102,"column":3}}},"9":{"name":"(anonymous_9)","decl":{"start":{"line":105,"column":2},"end":{"line":105,"column":17}},"loc":{"start":{"line":105,"column":40},"end":{"line":107,"column":3}}},"10":{"name":"(anonymous_10)","decl":{"start":{"line":110,"column":2},"end":{"line":110,"column":20}},"loc":{"start":{"line":110,"column":20},"end":{"line":112,"column":3}}}},"branchMap":{},"s":{"0":0,"1":0,"2":0,"3":0,"4":0,"5":0,"6":0,"7":0,"8":0,"9":0,"10":0,"11":0,"12":1},"f":{"0":0,"1":0,"2":0,"3":0,"4":0,"5":0,"6":0,"7":0,"8":0,"9":0,"10":0},"b":{}}
,"/app/src/user-manage-account/user-manage-account.ts": {"path":"/app/src/user-manage-account/user-manage-account.ts","statementMap":{"0":{"start":{"line":35,"column":15},"end":{"line":39,"column":4}},"1":{"start":{"line":42,"column":17},"end":{"line":42,"column":22}},"2":{"start":{"line":45,"column":34},"end":{"line":45,"column":38}},"3":{"start":{"line":48,"column":32},"end":{"line":48,"column":36}},"4":{"start":{"line":50,"column":19},"end":{"line":50,"column":52}},"5":{"start":{"line":52,"column":22},"end":{"line":52,"column":38}},"6":{"start":{"line":55,"column":4},"end":{"line":55,"column":20}},"7":{"start":{"line":60,"column":4},"end":{"line":63,"column":7}},"8":{"start":{"line":61,"column":23},"end":{"line":61,"column":39}},"9":{"start":{"line":62,"column":22},"end":{"line":62,"column":63}},"10":{"start":{"line":68,"column":20},"end":{"line":68,"column":75}},"11":{"start":{"line":69,"column":4},"end":{"line":80,"column":7}},"12":{"start":{"line":71,"column":8},"end":{"line":71,"column":62}},"13":{"start":{"line":72,"column":8},"end":{"line":72,"column":33}},"14":{"start":{"line":73,"column":8},"end":{"line":73,"column":32}},"15":{"start":{"line":76,"column":8},"end":{"line":76,"column":56}},"16":{"start":{"line":77,"column":8},"end":{"line":77,"column":35}},"17":{"start":{"line":78,"column":8},"end":{"line":78,"column":27}},"18":{"start":{"line":85,"column":4},"end":{"line":85,"column":43}},"19":{"start":{"line":92,"column":4},"end":{"line":92,"column":20}},"20":{"start":{"line":97,"column":4},"end":{"line":97,"column":35}},"21":{"start":{"line":102,"column":4},"end":{"line":102,"column":38}},"22":{"start":{"line":107,"column":4},"end":{"line":107,"column":36}},"23":{"start":{"line":33,"column":13},"end":{"line":109,"column":null}}},"fnMap":{"0":{"name":"(anonymous_0)","decl":{"start":{"line":52,"column":2},"end":{"line":52,"column":22}},"loc":{"start":{"line":52,"column":38},"end":{"line":52,"column":43}}},"1":{"name":"(anonymous_1)","decl":{"start":{"line":54,"column":2},"end":{"line":54,"column":10}},"loc":{"start":{"line":54,"column":10},"end":{"line":56,"column":3}}},"2":{"name":"(anonymous_2)","decl":{"start":{"line":59,"column":2},"end":{"line":59,"column":10}},"loc":{"start":{"line":59,"column":10},"end":{"line":64,"column":3}}},"3":{"name":"(anonymous_3)","decl":{"start":{"line":61,"column":12},"end":{"line":61,"column":13}},"loc":{"start":{"line":61,"column":23},"end":{"line":61,"column":39}}},"4":{"name":"(anonymous_4)","decl":{"start":{"line":62,"column":13},"end":{"line":62,"column":14}},"loc":{"start":{"line":62,"column":22},"end":{"line":62,"column":63}}},"5":{"name":"(anonymous_5)","decl":{"start":{"line":67,"column":2},"end":{"line":67,"column":15}},"loc":{"start":{"line":67,"column":15},"end":{"line":81,"column":3}}},"6":{"name":"(anonymous_6)","decl":{"start":{"line":70,"column":12},"end":{"line":70,"column":15}},"loc":{"start":{"line":70,"column":17},"end":{"line":74,"column":7}}},"7":{"name":"(anonymous_7)","decl":{"start":{"line":75,"column":13},"end":{"line":75,"column":14}},"loc":{"start":{"line":75,"column":21},"end":{"line":79,"column":7}}},"8":{"name":"(anonymous_8)","decl":{"start":{"line":84,"column":2},"end":{"line":84,"column":16}},"loc":{"start":{"line":84,"column":16},"end":{"line":86,"column":3}}},"9":{"name":"(anonymous_9)","decl":{"start":{"line":91,"column":2},"end":{"line":91,"column":13}},"loc":{"start":{"line":91,"column":13},"end":{"line":93,"column":3}}},"10":{"name":"(anonymous_10)","decl":{"start":{"line":96,"column":2},"end":{"line":96,"column":10}},"loc":{"start":{"line":96,"column":10},"end":{"line":98,"column":3}}},"11":{"name":"(anonymous_11)","decl":{"start":{"line":101,"column":2},"end":{"line":101,"column":12}},"loc":{"start":{"line":101,"column":12},"end":{"line":103,"column":3}}},"12":{"name":"(anonymous_12)","decl":{"start":{"line":106,"column":2},"end":{"line":106,"column":8}},"loc":{"start":{"line":106,"column":8},"end":{"line":108,"column":3}}}},"branchMap":{},"s":{"0":0,"1":0,"2":0,"3":0,"4":0,"5":0,"6":0,"7":0,"8":0,"9":0,"10":0,"11":0,"12":0,"13":0,"14":0,"15":0,"16":0,"17":0,"18":0,"19":0,"20":0,"21":0,"22":0,"23":1},"f":{"0":0,"1":0,"2":0,"3":0,"4":0,"5":0,"6":0,"7":0,"8":0,"9":0,"10":0,"11":0,"12":0},"b":{}}
,"/app/src/user-order-history/user-order-history.ts": {"path":"/app/src/user-order-history/user-order-history.ts","statementMap":{"0":{"start":{"line":22,"column":20},"end":{"line":22,"column":22}},"1":{"start":{"line":23,"column":12},"end":{"line":23,"column":16}},"2":{"start":{"line":24,"column":25},"end":{"line":24,"column":29}},"3":{"start":{"line":27,"column":14},"end":{"line":27,"column":22}},"4":{"start":{"line":29,"column":22},"end":{"line":29,"column":36}},"5":{"start":{"line":32,"column":4},"end":{"line":32,"column":22}},"6":{"start":{"line":37,"column":4},"end":{"line":37,"column":24}},"7":{"start":{"line":38,"column":4},"end":{"line":38,"column":22}},"8":{"start":{"line":40,"column":4},"end":{"line":63,"column":12}},"9":{"start":{"line":41,"column":6},"end":{"line":62,"column":7}},"10":{"start":{"line":42,"column":8},"end":{"line":57,"column":10}},"11":{"start":{"line":59,"column":8},"end":{"line":59,"column":64}},"12":{"start":{"line":61,"column":8},"end":{"line":61,"column":29}},"13":{"start":{"line":67,"column":4},"end":{"line":67,"column":22}},"14":{"start":{"line":71,"column":18},"end":{"line":71,"column":59}},"15":{"start":{"line":71,"column":42},"end":{"line":71,"column":58}},"16":{"start":{"line":72,"column":4},"end":{"line":74,"column":5}},"17":{"start":{"line":73,"column":6},"end":{"line":73,"column":30}},"18":{"start":{"line":78,"column":4},"end":{"line":78,"column":47}},"19":{"start":{"line":82,"column":4},"end":{"line":82,"column":31}},"20":{"start":{"line":83,"column":4},"end":{"line":83,"column":39}},"21":{"start":{"line":87,"column":4},"end":{"line":87,"column":24}},"22":{"start":{"line":88,"column":4},"end":{"line":88,"column":36}},"23":{"start":{"line":93,"column":4},"end":{"line":93,"column":30}},"24":{"start":{"line":94,"column":4},"end":{"line":94,"column":39}},"25":{"start":{"line":99,"column":4},"end":{"line":99,"column":36}},"26":{"start":{"line":100,"column":4},"end":{"line":100,"column":37}},"27":{"start":{"line":21,"column":13},"end":{"line":102,"column":null}}},"fnMap":{"0":{"name":"(anonymous_0)","decl":{"start":{"line":29,"column":2},"end":{"line":29,"column":22}},"loc":{"start":{"line":29,"column":36},"end":{"line":29,"column":41}}},"1":{"name":"(anonymous_1)","decl":{"start":{"line":31,"column":2},"end":{"line":31,"column":10}},"loc":{"start":{"line":31,"column":10},"end":{"line":33,"column":3}}},"2":{"name":"(anonymous_2)","decl":{"start":{"line":36,"column":2},"end":{"line":36,"column":12}},"loc":{"start":{"line":36,"column":12},"end":{"line":64,"column":3}}},"3":{"name":"(anonymous_3)","decl":{"start":{"line":40,"column":15},"end":{"line":40,"column":18}},"loc":{"start":{"line":40,"column":20},"end":{"line":63,"column":5}}},"4":{"name":"(anonymous_4)","decl":{"start":{"line":66,"column":2},"end":{"line":66,"column":15}},"loc":{"start":{"line":66,"column":15},"end":{"line":68,"column":3}}},"5":{"name":"(anonymous_5)","decl":{"start":{"line":70,"column":2},"end":{"line":70,"column":11}},"loc":{"start":{"line":70,"column":27},"end":{"line":75,"column":3}}},"6":{"name":"(anonymous_6)","decl":{"start":{"line":71,"column":35},"end":{"line":71,"column":36}},"loc":{"start":{"line":71,"column":42},"end":{"line":71,"column":58}}},"7":{"name":"(anonymous_7)","decl":{"start":{"line":77,"column":2},"end":{"line":77,"column":13}},"loc":{"start":{"line":77,"column":26},"end":{"line":79,"column":3}}},"8":{"name":"(anonymous_8)","decl":{"start":{"line":81,"column":2},"end":{"line":81,"column":13}},"loc":{"start":{"line":81,"column":13},"end":{"line":84,"column":3}}},"9":{"name":"(anonymous_9)","decl":{"start":{"line":86,"column":2},"end":{"line":86,"column":10}},"loc":{"start":{"line":86,"column":10},"end":{"line":89,"column":3}}},"10":{"name":"(anonymous_10)","decl":{"start":{"line":92,"column":2},"end":{"line":92,"column":12}},"loc":{"start":{"line":92,"column":12},"end":{"line":96,"column":3}}},"11":{"name":"(anonymous_11)","decl":{"start":{"line":98,"column":2},"end":{"line":98,"column":8}},"loc":{"start":{"line":98,"column":8},"end":{"line":101,"column":3}}}},"branchMap":{"0":{"loc":{"start":{"line":72,"column":4},"end":{"line":74,"column":5}},"type":"if","locations":[{"start":{"line":72,"column":4},"end":{"line":74,"column":5}}]}},"s":{"0":0,"1":0,"2":0,"3":0,"4":0,"5":0,"6":0,"7":0,"8":0,"9":0,"10":0,"11":0,"12":0,"13":0,"14":0,"15":0,"16":0,"17":0,"18":0,"19":0,"20":0,"21":0,"22":0,"23":0,"24":0,"25":0,"26":0,"27":1},"f":{"0":0,"1":0,"2":0,"3":0,"4":0,"5":0,"6":0,"7":0,"8":0,"9":0,"10":0,"11":0},"b":{"0":[0]}}
}
